nohup: ignoring input
2026-07-21 15:09:30,181 INFO {"event": "consumer_started_v2_rollback", "topic": "dcim.enriched.events"}
2026-07-21 15:30:53,633 INFO {"event": "batch_committed", "count": 50}
2026-07-21 15:30:53,687 INFO {"event": "batch_committed", "count": 50}
2026-07-21 15:31:24,920 INFO {"event": "batch_committed", "count": 50}
2026-07-21 15:31:55,320 INFO {"event": "batch_committed", "count": 50}
2026-07-21 15:31:55,369 INFO {"event": "batch_committed", "count": 50}
2026-07-21 15:32:59,018 INFO {"event": "batch_committed", "count": 50}
2026-07-21 15:32:59,072 INFO {"event": "batch_committed", "count": 50}
2026-07-21 15:33:17,205 INFO {"event": "batch_committed", "count": 50}
2026-07-21 15:33:46,523 INFO {"event": "batch_committed", "count": 50}
%6|1784622841.479|FAIL|rdkafka#consumer-1| [thrd:ssl://localhost:9098/3]: ssl://localhost:9098/3: Disconnected (after 1467959ms in state UP)
%3|1784622841.481|FAIL|rdkafka#consumer-1| [thrd:ssl://localhost:9098/3]: ssl://localhost:9098/3: error:0A000126:SSL routines::unexpected eof while reading (after 1ms in state SSL_HANDSHAKE)
%3|1784622841.605|FAIL|rdkafka#consumer-1| [thrd:ssl://localhost:9098/3]: ssl://localhost:9098/3: SSL handshake failed: Disconnected: connecting to a PLAINTEXT broker listener? (after 0ms in state SSL_HANDSHAKE)
2026-07-21 15:34:01,916 INFO {"event": "batch_committed", "count": 50}
2026-07-21 15:34:01,966 INFO {"event": "batch_committed", "count": 50}
%3|1784622842.133|FAIL|rdkafka#consumer-1| [thrd:ssl://localhost:9098/3]: ssl://localhost:9098/3: SSL handshake failed: Disconnected: connecting to a PLAINTEXT broker listener? (after 0ms in state SSL_HANDSHAKE, 1 identical error(s) suppressed)
2026-07-21 15:35:03,458 INFO {"event": "batch_committed", "count": 50}
2026-07-21 15:35:03,510 INFO {"event": "batch_committed", "count": 50}
2026-07-21 15:35:25,685 INFO {"event": "batch_committed", "count": 50}
2026-07-21 15:36:07,260 INFO {"event": "batch_committed", "count": 50}
2026-07-21 15:36:07,315 INFO {"event": "batch_committed", "count": 50}
2026-07-21 15:36:49,679 INFO {"event": "batch_committed", "count": 50}
2026-07-21 15:37:08,960 INFO {"event": "batch_committed", "count": 50}
2026-07-21 15:37:09,017 INFO {"event": "batch_committed", "count": 50}
2026-07-21 15:37:27,138 INFO {"event": "batch_committed", "count": 50}
2026-07-21 15:38:11,688 INFO {"event": "batch_committed", "count": 50}
2026-07-21 15:38:11,736 INFO {"event": "batch_committed", "count": 50}
2026-07-21 15:39:17,425 INFO {"event": "batch_committed", "count": 50}
2026-07-21 15:39:17,476 INFO {"event": "batch_committed", "count": 50}
2026-07-21 15:39:23,472 INFO {"event": "batch_committed", "count": 50}
2026-07-21 15:40:11,174 INFO {"event": "batch_committed", "count": 50}
2026-07-21 15:40:20,289 INFO {"event": "batch_committed", "count": 50}
2026-07-21 15:40:20,347 INFO {"event": "batch_committed", "count": 50}
2026-07-21 15:41:21,971 INFO {"event": "batch_committed", "count": 50}
2026-07-21 15:41:22,027 INFO {"event": "batch_committed", "count": 50}
2026-07-21 15:41:28,023 INFO {"event": "batch_committed", "count": 50}
2026-07-21 15:42:24,716 INFO {"event": "batch_committed", "count": 50}
2026-07-21 15:42:24,767 INFO {"event": "batch_committed", "count": 50}
2026-07-21 15:42:56,065 INFO {"event": "batch_committed", "count": 50}
2026-07-21 15:43:30,254 INFO {"event": "batch_committed", "count": 50}
2026-07-21 15:43:30,519 INFO {"event": "batch_committed", "count": 50}
2026-07-21 15:43:32,437 INFO {"event": "batch_committed", "count": 50}
2026-07-21 15:44:30,843 INFO {"event": "batch_committed", "count": 50}
2026-07-21 15:44:30,915 INFO {"event": "batch_committed", "count": 50}
2026-07-21 15:45:29,465 INFO {"event": "batch_committed", "count": 50}
2026-07-21 15:45:34,543 INFO {"event": "batch_committed", "count": 50}
2026-07-21 15:45:34,594 INFO {"event": "batch_committed", "count": 50}
2026-07-21 15:46:17,017 INFO {"event": "batch_committed", "count": 50}
2026-07-21 15:46:37,274 INFO {"event": "batch_committed", "count": 50}
2026-07-21 15:46:37,329 INFO {"event": "batch_committed", "count": 50}
2026-07-21 15:47:29,860 INFO {"event": "batch_committed", "count": 50}
2026-07-21 15:47:39,028 INFO {"event": "batch_committed", "count": 50}
2026-07-21 15:47:39,079 INFO {"event": "batch_committed", "count": 50}
2026-07-21 15:48:41,760 INFO {"event": "batch_committed", "count": 50}
2026-07-21 15:48:41,816 INFO {"event": "batch_committed", "count": 50}
2026-07-21 15:49:02,430 INFO {"event": "batch_committed", "count": 50}
2026-07-21 15:49:45,561 INFO {"event": "batch_committed", "count": 50}
2026-07-21 15:49:45,614 INFO {"event": "batch_committed", "count": 50}
2026-07-21 15:50:02,738 INFO {"event": "batch_committed", "count": 50}
2026-07-21 15:50:50,326 INFO {"event": "batch_committed", "count": 50}
2026-07-21 15:50:50,375 INFO {"event": "batch_committed", "count": 50}
2026-07-21 15:51:31,833 INFO {"event": "batch_committed", "count": 50}
2026-07-21 15:51:53,115 INFO {"event": "batch_committed", "count": 50}
2026-07-21 15:51:53,162 INFO {"event": "batch_committed", "count": 50}
2026-07-21 15:52:09,314 INFO {"event": "batch_committed", "count": 50}
2026-07-21 15:52:56,869 INFO {"event": "batch_committed", "count": 50}
2026-07-21 15:52:56,920 INFO {"event": "batch_committed", "count": 50}
2026-07-21 15:53:32,286 INFO {"event": "batch_committed", "count": 50}
2026-07-21 15:53:59,718 INFO {"event": "batch_committed", "count": 50}
2026-07-21 15:53:59,866 INFO {"event": "batch_committed", "count": 50}
2026-07-21 15:55:02,389 INFO {"event": "batch_committed", "count": 50}
2026-07-21 15:55:02,439 INFO {"event": "batch_committed", "count": 50}
2026-07-21 15:55:07,400 INFO {"event": "batch_committed", "count": 50}
2026-07-21 15:56:04,077 INFO {"event": "batch_committed", "count": 50}
2026-07-21 15:56:04,196 INFO {"event": "batch_committed", "count": 50}
2026-07-21 15:56:11,232 INFO {"event": "batch_committed", "count": 50}
2026-07-21 15:57:06,799 INFO {"event": "batch_committed", "count": 50}
2026-07-21 15:57:06,859 INFO {"event": "batch_committed", "count": 50}
2026-07-21 15:57:33,070 INFO {"event": "batch_committed", "count": 50}
2026-07-21 15:58:09,623 INFO {"event": "batch_committed", "count": 50}
2026-07-21 15:58:09,676 INFO {"event": "batch_committed", "count": 50}
2026-07-21 15:58:37,846 INFO {"event": "batch_committed", "count": 50}
2026-07-21 15:59:12,276 INFO {"event": "batch_committed", "count": 50}
2026-07-21 15:59:12,327 INFO {"event": "batch_committed", "count": 50}
2026-07-21 15:59:34,500 INFO {"event": "batch_committed", "count": 50}
2026-07-21 16:00:16,159 INFO {"event": "batch_committed", "count": 50}
2026-07-21 16:00:16,210 INFO {"event": "batch_committed", "count": 50}
2026-07-21 16:01:21,991 INFO {"event": "batch_committed", "count": 50}
2026-07-21 16:01:22,054 INFO {"event": "batch_committed", "count": 50}
2026-07-21 16:01:22,102 INFO {"event": "batch_committed", "count": 50}
2026-07-21 16:02:21,415 INFO {"event": "batch_committed", "count": 50}
2026-07-21 16:02:21,467 INFO {"event": "batch_committed", "count": 50}
2026-07-21 16:02:34,539 INFO {"event": "batch_committed", "count": 50}
2026-07-21 16:03:26,648 INFO {"event": "batch_committed", "count": 50}
2026-07-21 16:03:26,705 INFO {"event": "batch_committed", "count": 50}
2026-07-21 16:03:36,277 INFO {"event": "batch_committed", "count": 50}
2026-07-21 16:04:26,857 INFO {"event": "batch_committed", "count": 50}
2026-07-21 16:04:26,907 INFO {"event": "batch_committed", "count": 50}
2026-07-21 16:05:17,397 INFO {"event": "batch_committed", "count": 50}
2026-07-21 16:05:29,571 INFO {"event": "batch_committed", "count": 50}
2026-07-21 16:05:29,624 INFO {"event": "batch_committed", "count": 50}
2026-07-21 16:05:49,803 INFO {"event": "batch_committed", "count": 50}
2026-07-21 16:06:31,285 INFO {"event": "batch_committed", "count": 50}
2026-07-21 16:06:31,338 INFO {"event": "batch_committed", "count": 50}
2026-07-21 16:07:35,015 INFO {"event": "batch_committed", "count": 50}
2026-07-21 16:07:35,065 INFO {"event": "batch_committed", "count": 50}
2026-07-21 16:07:38,049 INFO {"event": "batch_committed", "count": 50}
2026-07-21 16:08:37,762 INFO {"event": "batch_committed", "count": 50}
2026-07-21 16:08:37,821 INFO {"event": "batch_committed", "count": 50}
2026-07-21 16:08:40,775 INFO {"event": "batch_committed", "count": 50}
2026-07-21 16:09:38,482 INFO {"event": "batch_committed", "count": 50}
2026-07-21 16:09:39,554 INFO {"event": "batch_committed", "count": 50}
2026-07-21 16:09:39,613 INFO {"event": "batch_committed", "count": 50}
2026-07-21 16:10:43,306 INFO {"event": "batch_committed", "count": 50}
2026-07-21 16:10:43,372 INFO {"event": "batch_committed", "count": 50}
2026-07-21 16:11:39,878 INFO {"event": "batch_committed", "count": 50}
2026-07-21 16:11:47,188 INFO {"event": "batch_committed", "count": 50}
2026-07-21 16:11:47,258 INFO {"event": "batch_committed", "count": 50}
2026-07-21 16:11:58,141 INFO {"event": "batch_committed", "count": 50}
2026-07-21 16:12:48,746 INFO {"event": "batch_committed", "count": 50}
2026-07-21 16:12:48,792 INFO {"event": "batch_committed", "count": 50}
2026-07-21 16:13:40,324 INFO {"event": "batch_committed", "count": 50}
2026-07-21 16:13:51,964 INFO {"event": "batch_committed", "count": 50}
2026-07-21 16:13:52,024 INFO {"event": "batch_committed", "count": 50}
2026-07-21 16:14:56,683 INFO {"event": "batch_committed", "count": 50}
2026-07-21 16:14:56,739 INFO {"event": "batch_committed", "count": 50}
2026-07-21 16:14:56,791 INFO {"event": "batch_committed", "count": 50}
2026-07-21 16:15:41,217 INFO {"event": "batch_committed", "count": 50}
2026-07-21 16:16:00,465 INFO {"event": "batch_committed", "count": 50}
2026-07-21 16:16:00,517 INFO {"event": "batch_committed", "count": 50}
2026-07-21 16:17:02,188 INFO {"event": "batch_committed", "count": 50}
2026-07-21 16:17:02,242 INFO {"event": "batch_committed", "count": 50}
2026-07-21 16:17:42,613 INFO {"event": "batch_committed", "count": 50}
2026-07-21 16:18:04,938 INFO {"event": "batch_committed", "count": 50}
2026-07-21 16:18:04,989 INFO {"event": "batch_committed", "count": 50}
2026-07-21 16:18:18,022 INFO {"event": "batch_committed", "count": 50}
2026-07-21 16:22:36,955 INFO {"event": "batch_committed", "count": 50}
2026-07-21 16:22:37,009 INFO {"event": "batch_committed", "count": 50}
2026-07-21 16:22:37,061 INFO {"event": "batch_committed", "count": 50}
2026-07-21 16:23:29,395 INFO {"event": "batch_committed", "count": 50}
2026-07-21 16:23:29,447 INFO {"event": "batch_committed", "count": 50}
2026-07-21 16:24:26,010 INFO {"event": "batch_committed", "count": 50}
2026-07-21 16:24:32,164 INFO {"event": "batch_committed", "count": 50}
2026-07-21 16:24:32,216 INFO {"event": "batch_committed", "count": 50}
2026-07-21 16:25:35,984 INFO {"event": "batch_committed", "count": 50}
2026-07-21 16:25:36,051 INFO {"event": "batch_committed", "count": 50}
2026-07-21 16:26:26,738 INFO {"event": "batch_committed", "count": 50}
2026-07-21 16:26:39,885 INFO {"event": "batch_committed", "count": 50}
2026-07-21 16:26:39,936 INFO {"event": "batch_committed", "count": 50}
2026-07-21 16:27:41,643 INFO {"event": "batch_committed", "count": 50}
2026-07-21 16:27:41,692 INFO {"event": "batch_committed", "count": 50}
2026-07-21 16:28:27,087 INFO {"event": "batch_committed", "count": 50}
2026-07-21 16:28:44,354 INFO {"event": "batch_committed", "count": 50}
2026-07-21 16:28:44,416 INFO {"event": "batch_committed", "count": 50}
2026-07-21 16:29:32,906 INFO {"event": "batch_committed", "count": 50}
2026-07-21 16:29:47,129 INFO {"event": "batch_committed", "count": 50}
2026-07-21 16:29:47,176 INFO {"event": "batch_committed", "count": 50}
2026-07-21 16:32:07,274 INFO {"event": "batch_committed", "count": 50}
2026-07-21 16:32:07,331 INFO {"event": "batch_committed", "count": 50}
2026-07-21 16:32:07,384 INFO {"event": "batch_committed", "count": 50}
2026-07-21 16:33:03,640 INFO {"event": "batch_committed", "count": 50}
2026-07-21 16:33:03,689 INFO {"event": "batch_committed", "count": 50}
2026-07-21 16:33:59,227 INFO {"event": "batch_committed", "count": 50}
2026-07-21 16:34:07,404 INFO {"event": "batch_committed", "count": 50}
2026-07-21 16:34:07,453 INFO {"event": "batch_committed", "count": 50}
2026-07-21 16:35:14,194 INFO {"event": "batch_committed", "count": 50}
2026-07-21 16:35:14,252 INFO {"event": "batch_committed", "count": 50}
2026-07-21 16:35:58,723 INFO {"event": "batch_committed", "count": 50}
2026-07-21 16:36:16,933 INFO {"event": "batch_committed", "count": 50}
2026-07-21 16:36:16,985 INFO {"event": "batch_committed", "count": 50}
2026-07-21 16:37:19,799 INFO {"event": "batch_committed", "count": 50}
2026-07-21 16:37:19,855 INFO {"event": "batch_committed", "count": 50}
2026-07-21 16:38:00,279 INFO {"event": "batch_committed", "count": 50}
2026-07-21 16:38:21,610 INFO {"event": "batch_committed", "count": 50}
2026-07-21 16:38:21,670 INFO {"event": "batch_committed", "count": 50}
2026-07-21 16:39:06,097 INFO {"event": "batch_committed", "count": 50}
2026-07-21 16:39:26,301 INFO {"event": "batch_committed", "count": 50}
2026-07-21 16:39:26,351 INFO {"event": "batch_committed", "count": 50}
2026-07-21 16:40:10,824 INFO {"event": "batch_committed", "count": 50}
2026-07-21 16:40:31,095 INFO {"event": "batch_committed", "count": 50}
2026-07-21 16:40:31,155 INFO {"event": "batch_committed", "count": 50}
2026-07-21 16:41:33,784 INFO {"event": "batch_committed", "count": 50}
2026-07-21 16:41:33,836 INFO {"event": "batch_committed", "count": 50}
2026-07-21 16:42:02,059 INFO {"event": "batch_committed", "count": 50}
2026-07-21 16:42:35,757 INFO {"event": "batch_committed", "count": 50}
2026-07-21 16:42:35,809 INFO {"event": "batch_committed", "count": 50}
2026-07-21 16:43:39,553 INFO {"event": "batch_committed", "count": 50}
2026-07-21 16:43:39,604 INFO {"event": "batch_committed", "count": 50}
2026-07-21 16:44:02,776 INFO {"event": "batch_committed", "count": 50}
2026-07-21 16:44:41,258 INFO {"event": "batch_committed", "count": 50}
2026-07-21 16:44:41,322 INFO {"event": "batch_committed", "count": 50}
2026-07-21 16:47:05,161 INFO {"event": "batch_committed", "count": 50}
2026-07-21 16:47:05,362 INFO {"event": "batch_committed", "count": 50}
2026-07-21 16:47:05,569 INFO {"event": "batch_committed", "count": 50}
2026-07-21 16:48:02,354 INFO {"event": "batch_committed", "count": 50}
2026-07-21 16:48:02,407 INFO {"event": "batch_committed", "count": 50}
2026-07-21 16:48:56,914 INFO {"event": "batch_committed", "count": 50}
2026-07-21 16:49:04,096 INFO {"event": "batch_committed", "count": 50}
2026-07-21 16:49:04,148 INFO {"event": "batch_committed", "count": 50}
2026-07-21 16:49:59,729 INFO {"event": "batch_committed", "count": 50}
2026-07-21 16:50:06,859 INFO {"event": "batch_committed", "count": 50}
2026-07-21 16:50:06,908 INFO {"event": "batch_committed", "count": 50}
%6|1784627432.616|FAIL|rdkafka#consumer-1| [thrd:GroupCoordinator]: GroupCoordinator: localhost:9098: Disconnected (after 15446ms in state UP)
%3|1784627432.619|FAIL|rdkafka#consumer-1| [thrd:GroupCoordinator]: GroupCoordinator: localhost:9098: SSL handshake failed: Disconnected: connecting to a PLAINTEXT broker listener? (after 2ms in state SSL_HANDSHAKE)
%3|1784627432.878|FAIL|rdkafka#consumer-1| [thrd:GroupCoordinator]: GroupCoordinator: localhost:9098: SSL handshake failed: Disconnected: connecting to a PLAINTEXT broker listener? (after 0ms in state SSL_HANDSHAKE, 1 identical error(s) suppressed)
2026-07-21 16:51:08,869 INFO {"event": "batch_committed", "count": 50}
2026-07-21 16:51:09,031 INFO {"event": "batch_committed", "count": 50}
2026-07-21 16:52:01,633 INFO {"event": "batch_committed", "count": 50}
2026-07-21 16:52:11,764 INFO {"event": "batch_committed", "count": 50}
2026-07-21 16:52:11,839 INFO {"event": "batch_committed", "count": 50}
2026-07-21 16:52:59,350 INFO {"event": "batch_committed", "count": 50}
2026-07-21 16:53:14,673 INFO {"event": "batch_committed", "count": 50}
2026-07-21 16:53:14,735 INFO {"event": "batch_committed", "count": 50}
2026-07-21 16:54:18,410 INFO {"event": "batch_committed", "count": 50}
2026-07-21 16:54:18,470 INFO {"event": "batch_committed", "count": 50}
2026-07-21 16:54:59,875 INFO {"event": "batch_committed", "count": 50}
2026-07-21 16:55:22,176 INFO {"event": "batch_committed", "count": 50}
2026-07-21 16:55:22,228 INFO {"event": "batch_committed", "count": 50}
2026-07-21 16:56:25,429 INFO {"event": "batch_committed", "count": 50}
2026-07-21 16:56:25,499 INFO {"event": "batch_committed", "count": 50}
2026-07-21 16:57:01,255 INFO {"event": "batch_committed", "count": 50}
2026-07-21 16:57:28,631 INFO {"event": "batch_committed", "count": 50}
2026-07-21 16:57:28,686 INFO {"event": "batch_committed", "count": 50}
2026-07-21 16:58:16,143 INFO {"event": "batch_committed", "count": 50}
2026-07-21 16:58:32,480 INFO {"event": "batch_committed", "count": 50}
2026-07-21 16:58:32,533 INFO {"event": "batch_committed", "count": 50}
2026-07-21 16:59:08,794 INFO {"event": "batch_committed", "count": 50}
2026-07-21 16:59:34,737 INFO {"event": "batch_committed", "count": 50}
2026-07-21 16:59:34,799 INFO {"event": "batch_committed", "count": 50}
2026-07-21 17:00:37,026 INFO {"event": "batch_committed", "count": 50}
2026-07-21 17:00:37,078 INFO {"event": "batch_committed", "count": 50}
2026-07-21 17:01:11,227 INFO {"event": "batch_committed", "count": 50}
2026-07-21 17:01:39,613 INFO {"event": "batch_committed", "count": 50}
2026-07-21 17:01:39,665 INFO {"event": "batch_committed", "count": 50}
2026-07-21 17:02:42,287 INFO {"event": "batch_committed", "count": 50}
2026-07-21 17:02:42,391 INFO {"event": "batch_committed", "count": 50}
2026-07-21 17:03:03,506 INFO {"event": "batch_committed", "count": 50}
2026-07-21 17:03:43,992 INFO {"event": "batch_committed", "count": 50}
2026-07-21 17:03:44,051 INFO {"event": "batch_committed", "count": 50}
2026-07-21 17:04:47,781 INFO {"event": "batch_committed", "count": 50}
2026-07-21 17:04:47,837 INFO {"event": "batch_committed", "count": 50}
2026-07-21 17:05:03,895 INFO {"event": "batch_committed", "count": 50}
2026-07-21 17:05:50,541 INFO {"event": "batch_committed", "count": 50}
2026-07-21 17:05:50,594 INFO {"event": "batch_committed", "count": 50}
2026-07-21 17:06:15,866 INFO {"event": "batch_committed", "count": 50}
2026-07-21 17:06:53,464 INFO {"event": "batch_committed", "count": 50}
2026-07-21 17:06:53,521 INFO {"event": "batch_committed", "count": 50}
2026-07-21 17:07:23,679 INFO {"event": "batch_committed", "count": 50}
2026-07-21 17:07:56,022 INFO {"event": "batch_committed", "count": 50}
2026-07-21 17:07:56,074 INFO {"event": "batch_committed", "count": 50}
2026-07-21 17:08:59,776 INFO {"event": "batch_committed", "count": 50}
2026-07-21 17:08:59,835 INFO {"event": "batch_committed", "count": 50}
2026-07-21 17:09:05,861 INFO {"event": "batch_committed", "count": 50}
2026-07-21 17:10:02,555 INFO {"event": "batch_committed", "count": 50}
2026-07-21 17:10:02,612 INFO {"event": "batch_committed", "count": 50}
2026-07-21 17:11:04,251 INFO {"event": "batch_committed", "count": 50}
2026-07-21 17:11:04,304 INFO {"event": "batch_committed", "count": 50}
2026-07-21 17:11:06,259 INFO {"event": "batch_committed", "count": 50}
2026-07-21 17:12:06,477 INFO {"event": "batch_committed", "count": 50}
2026-07-21 17:12:06,526 INFO {"event": "batch_committed", "count": 50}
2026-07-21 17:13:07,115 INFO {"event": "batch_committed", "count": 50}
