Traceback (most recent call last):
  File "/home/infra/dcim_metrics_project/scripts/manage_partitions.py", line 84, in <module>
    manage_partitions()
  File "/home/infra/dcim_metrics_project/scripts/manage_partitions.py", line 21, in manage_partitions
    conn = psycopg2.connect(**DB_CONFIG)
  File "/home/infra/.local/lib/python3.10/site-packages/psycopg2/__init__.py", line 122, in connect
    conn = _connect(dsn, connection_factory=connection_factory, **kwasync)
psycopg2.OperationalError: connection to server at "192.168.101.73", port 5432 failed: Connection timed out
	Is the server running on that host and accepting TCP/IP connections?

Traceback (most recent call last):
  File "/home/infra/dcim_metrics_project/scripts/manage_partitions.py", line 84, in <module>
    manage_partitions()
  File "/home/infra/dcim_metrics_project/scripts/manage_partitions.py", line 21, in manage_partitions
    conn = psycopg2.connect(**DB_CONFIG)
  File "/home/infra/.local/lib/python3.10/site-packages/psycopg2/__init__.py", line 122, in connect
    conn = _connect(dsn, connection_factory=connection_factory, **kwasync)
psycopg2.OperationalError: connection to server at "192.168.101.73", port 5432 failed: server closed the connection unexpectedly
	This probably means the server terminated abnormally
	before or while processing the request.

Traceback (most recent call last):
  File "/home/infra/dcim_metrics_project/scripts/manage_partitions.py", line 84, in <module>
    manage_partitions()
  File "/home/infra/dcim_metrics_project/scripts/manage_partitions.py", line 21, in manage_partitions
    conn = psycopg2.connect(**DB_CONFIG)
  File "/home/infra/.local/lib/python3.10/site-packages/psycopg2/__init__.py", line 122, in connect
    conn = _connect(dsn, connection_factory=connection_factory, **kwasync)
psycopg2.OperationalError: connection to server at "192.168.101.73", port 5432 failed: server closed the connection unexpectedly
	This probably means the server terminated abnormally
	before or while processing the request.

Traceback (most recent call last):
  File "/home/infra/dcim_metrics_project/scripts/manage_partitions.py", line 84, in <module>
    manage_partitions()
  File "/home/infra/dcim_metrics_project/scripts/manage_partitions.py", line 21, in manage_partitions
    conn = psycopg2.connect(**DB_CONFIG)
  File "/home/infra/.local/lib/python3.10/site-packages/psycopg2/__init__.py", line 122, in connect
    conn = _connect(dsn, connection_factory=connection_factory, **kwasync)
psycopg2.OperationalError: connection to server at "192.168.101.73", port 5432 failed: Connection timed out
	Is the server running on that host and accepting TCP/IP connections?

