2026-05-03 15:13:24,082 INFO: === STARTING DEEP SERVER SYNC ===
2026-05-03 15:13:24,082 INFO: Processing server 10.50.0.2...
2026-05-03 15:14:22,758 INFO: === STARTING DEEP SERVER SYNC ===
2026-05-03 15:14:22,759 INFO: Processing server 10.50.0.2...
2026-05-03 15:15:11,784 INFO: Processing server 10.50.0.3...
2026-05-03 15:19:41,549 INFO: === STARTING DEEP SERVER SYNC ===
2026-05-03 15:19:41,549 INFO: Processing server 10.50.0.2...
2026-05-03 15:20:25,285 INFO: Processing server 10.50.0.3...
2026-05-03 15:21:20,581 INFO: Processing server 10.50.0.4...
2026-05-03 15:22:05,496 INFO: Processing server 10.50.0.5...
2026-05-03 15:22:35,762 INFO: Processing server 10.50.0.6...
2026-05-03 15:23:16,577 INFO: === SYNC COMPLETED ===
2026-05-03 15:24:01,401 INFO: === STARTING DEEP SERVER SYNC ===
2026-05-03 15:24:01,402 INFO: Processing server 10.50.0.2...
2026-05-03 15:24:44,137 INFO: Processing server 10.50.0.3...
2026-05-03 15:25:32,420 INFO: Processing server 10.50.0.4...
2026-05-03 15:26:01,403 INFO: === STARTING DEEP SERVER SYNC ===
2026-05-03 15:26:01,404 INFO: Processing server 10.50.0.2...
2026-05-03 15:26:19,355 INFO: Processing server 10.50.0.5...
2026-05-03 15:26:48,579 INFO: Processing server 10.50.0.3...
2026-05-03 15:26:48,887 INFO: Processing server 10.50.0.6...
2026-05-03 15:27:23,903 INFO: === SYNC COMPLETED ===
2026-05-03 15:27:43,471 INFO: Processing server 10.50.0.4...
2026-05-03 15:28:02,044 INFO: === STARTING DEEP SERVER SYNC ===
2026-05-03 15:28:02,044 INFO: Processing server 10.50.0.2...
2026-05-03 15:28:30,735 INFO: Processing server 10.50.0.5...
2026-05-03 15:28:44,333 INFO: Processing server 10.50.0.3...
2026-05-03 15:29:00,631 INFO: Processing server 10.50.0.6...
2026-05-03 15:29:29,042 INFO: Processing server 10.50.0.4...
2026-05-03 15:29:34,247 INFO: === SYNC COMPLETED ===
2026-05-03 15:30:01,407 INFO: === STARTING DEEP SERVER SYNC ===
2026-05-03 15:30:01,408 INFO: Processing server 10.50.0.2...
2026-05-03 15:30:23,125 INFO: Processing server 10.50.0.5...
2026-05-03 15:30:47,726 INFO: Processing server 10.50.0.3...
2026-05-03 15:30:58,993 INFO: Processing server 10.50.0.6...
2026-05-03 15:31:32,074 INFO: Processing server 10.50.0.4...
2026-05-03 15:31:33,388 INFO: === SYNC COMPLETED ===
2026-05-03 15:32:01,536 INFO: === STARTING DEEP SERVER SYNC ===
2026-05-03 15:32:01,536 INFO: Processing server 10.50.0.2...
2026-05-03 15:32:16,020 INFO: Processing server 10.50.0.5...
2026-05-03 15:32:44,424 INFO: Processing server 10.50.0.3...
2026-05-03 15:32:45,715 INFO: Processing server 10.50.0.6...
2026-05-03 15:33:18,972 INFO: === SYNC COMPLETED ===
2026-05-03 15:33:34,908 INFO: Processing server 10.50.0.4...
2026-05-03 15:34:02,113 INFO: === STARTING DEEP SERVER SYNC ===
2026-05-03 15:34:02,113 INFO: Processing server 10.50.0.2...
2026-05-03 15:34:17,667 INFO: Processing server 10.50.0.5...
2026-05-03 15:34:44,307 INFO: Processing server 10.50.0.3...
2026-05-03 15:34:52,962 INFO: Processing server 10.50.0.6...
2026-05-03 15:35:28,145 INFO: === SYNC COMPLETED ===
2026-05-03 15:35:32,582 INFO: Processing server 10.50.0.4...
2026-05-03 15:36:01,278 INFO: === STARTING DEEP SERVER SYNC ===
2026-05-03 15:36:01,278 INFO: Processing server 10.50.0.2...
2026-05-03 15:36:24,800 INFO: Processing server 10.50.0.5...
2026-05-03 15:36:45,733 INFO: Processing server 10.50.0.3...
2026-05-03 15:36:53,961 INFO: Processing server 10.50.0.6...
2026-05-03 15:37:28,738 INFO: === SYNC COMPLETED ===
2026-05-03 15:37:29,924 INFO: Processing server 10.50.0.4...
2026-05-03 17:55:21,187 INFO: === STARTING DEEP SERVER SYNC (REFINED) ===
2026-05-03 17:55:21,187 INFO: Processing server 10.50.0.2...
2026-05-03 17:56:06,058 INFO: Successfully updated basic info for SN J901GKXY
2026-05-03 17:56:07,179 INFO: Processing server 10.50.0.3...
2026-05-03 17:56:57,976 INFO: Successfully updated basic info for SN J901GKXX
2026-05-03 17:56:58,874 INFO: Processing server 10.50.0.4...
2026-05-03 17:57:44,016 INFO: Successfully updated basic info for SN J901GKXZ
2026-05-03 17:57:44,821 INFO: Processing server 10.50.0.5...
2026-05-03 17:58:17,095 INFO: Successfully updated basic info for SN J901F8KE
2026-05-03 17:58:17,852 INFO: Processing server 10.50.0.6...
2026-05-03 17:58:59,367 INFO: Successfully updated basic info for SN J901F8KD
2026-05-03 17:59:00,153 INFO: === SYNC COMPLETED ===
2026-05-03 18:02:23,689 INFO: === STARTING DEEP SERVER SYNC (REFINED V2) ===
2026-05-03 18:02:23,690 INFO: Processing server 10.50.0.2...
2026-05-03 18:03:08,947 INFO: Successfully updated basic info for SN J901GKXY
2026-05-03 18:03:09,836 INFO: Processing server 10.50.0.3...
2026-05-03 18:03:53,826 INFO: Successfully updated basic info for SN J901GKXX
2026-05-03 18:03:54,753 INFO: Processing server 10.50.0.4...
2026-05-03 18:04:37,792 INFO: Successfully updated basic info for SN J901GKXZ
2026-05-03 18:04:38,763 INFO: Processing server 10.50.0.5...
2026-05-03 18:05:14,270 INFO: Successfully updated basic info for SN J901F8KE
2026-05-03 18:05:15,097 INFO: Processing server 10.50.0.6...
2026-05-03 18:05:59,223 INFO: Successfully updated basic info for SN J901F8KD
2026-05-03 18:06:00,008 INFO: === SYNC COMPLETED ===
2026-05-03 18:31:27,049 INFO: === STARTING DEEP SERVER SYNC (REFINED V3) ===
2026-05-03 18:31:27,049 INFO: Processing server 10.50.0.2...
2026-05-03 18:32:11,560 INFO: Successfully updated asset 138 (SN J901GKXY)
2026-05-03 18:32:11,621 INFO: Successfully updated Management IP and Hostname for Asset 138 to 10.50.0.2 / SERVER-HCI-01
2026-05-03 18:32:12,625 INFO: Processing server 10.50.0.3...
2026-05-03 18:32:56,535 INFO: Successfully updated asset 139 (SN J901GKXX)
2026-05-03 18:32:56,600 INFO: Successfully updated Management IP and Hostname for Asset 139 to 10.50.0.3 / SERVER-HCI-02
2026-05-03 18:32:57,667 INFO: Processing server 10.50.0.4...
2026-05-03 18:33:42,893 INFO: Successfully updated asset 140 (SN J901GKXZ)
2026-05-03 18:33:42,958 INFO: Successfully updated Management IP and Hostname for Asset 140 to 10.50.0.4 / SERVER-HCI-03
2026-05-03 18:33:43,963 INFO: Processing server 10.50.0.5...
2026-05-03 18:34:20,779 INFO: Successfully updated asset 141 (SN J901F8KE)
2026-05-03 18:34:20,870 INFO: Successfully updated Management IP and Hostname for Asset 141 to 10.50.0.5 / SERVER-RENDER-01
2026-05-03 18:34:21,646 INFO: Processing server 10.50.0.6...
2026-05-03 18:34:56,797 INFO: Successfully updated asset 142 (SN J901F8KD)
2026-05-03 18:34:56,923 INFO: Successfully updated Management IP and Hostname for Asset 142 to 10.50.0.6 / SERVER-RENDER-02
2026-05-03 18:34:57,721 INFO: === SYNC COMPLETED ===
2026-05-03 19:21:30,149 INFO: === STARTING DEEP SERVER SYNC (REFINED V3) ===
2026-05-03 19:21:30,149 INFO: Processing server 10.50.0.2...
2026-05-03 19:22:22,512 INFO: Successfully updated asset 138 (SN J901GKXY)
2026-05-03 19:22:23,420 INFO: Processing server 10.50.0.3...
2026-05-03 19:23:11,271 INFO: Successfully updated asset 139 (SN J901GKXX)
2026-05-03 19:23:12,381 INFO: Processing server 10.50.0.4...
2026-05-03 19:24:02,815 INFO: Successfully updated asset 140 (SN J901GKXZ)
2026-05-03 19:24:03,534 INFO: Processing server 10.50.0.5...
2026-05-03 19:24:33,857 INFO: Successfully updated asset 141 (SN J901F8KE)
2026-05-03 19:24:34,422 INFO: Processing server 10.50.0.6...
2026-05-03 19:25:08,715 INFO: Successfully updated asset 142 (SN J901F8KD)
2026-05-03 19:25:09,294 INFO: === SYNC COMPLETED ===
2026-05-03 19:27:53,508 INFO: === STARTING DEEP SERVER SYNC (REFINED V3) ===
2026-05-03 19:27:53,508 INFO: Processing server 10.50.0.2...
2026-05-03 19:28:43,802 INFO: Successfully updated asset 138 (SN J901GKXY)
2026-05-03 19:28:44,709 INFO: Processing server 10.50.0.3...
2026-05-03 19:29:28,747 INFO: Successfully updated asset 139 (SN J901GKXX)
2026-05-03 19:29:29,671 INFO: Processing server 10.50.0.4...
2026-05-03 19:30:14,045 INFO: Successfully updated asset 140 (SN J901GKXZ)
2026-05-03 19:30:14,939 INFO: Processing server 10.50.0.5...
2026-05-03 19:30:50,055 INFO: Successfully updated asset 141 (SN J901F8KE)
2026-05-03 19:30:50,786 INFO: Processing server 10.50.0.6...
2026-05-03 19:31:25,916 INFO: Successfully updated asset 142 (SN J901F8KD)
2026-05-03 19:31:26,617 INFO: === SYNC COMPLETED ===
2026-05-03 20:08:30,488 INFO: === STARTING DEEP SERVER SYNC (REFINED V4) ===
2026-05-03 20:08:30,488 INFO: Processing server 10.50.0.2...
2026-05-03 20:09:25,188 INFO: Processing server 10.50.0.3...
2026-05-03 20:10:16,468 INFO: Processing server 10.50.0.4...
2026-05-03 20:11:03,053 INFO: Processing server 10.50.0.5...
2026-05-03 20:11:42,466 INFO: Processing server 10.50.0.6...
2026-05-03 20:12:19,784 INFO: === SYNC COMPLETED ===
2026-05-03 21:52:34,656 INFO: === STARTING DEEP SERVER SYNC (REFINED V5 - PRUNING) ===
2026-05-03 21:52:34,657 INFO: Processing server 10.50.0.2...
2026-05-03 21:53:20,994 INFO: Processing server 10.50.0.3...
2026-05-03 21:54:10,013 INFO: Processing server 10.50.0.4...
2026-05-03 21:54:54,880 INFO: Processing server 10.50.0.5...
2026-05-03 21:55:31,929 INFO: Processing server 10.50.0.6...
2026-05-03 21:56:15,760 INFO: === SYNC COMPLETED ===
2026-05-03 23:40:43,041 INFO: === STARTING DEEP SERVER SYNC (REFINED V6 - ROBUST PRUNING) ===
2026-05-03 23:40:43,041 INFO: Processing server 10.50.0.2...
2026-05-03 23:41:39,228 INFO: Processing server 10.50.0.3...
2026-05-03 23:42:29,583 INFO: Processing server 10.50.0.4...
2026-05-03 23:43:15,152 INFO: Processing server 10.50.0.5...
2026-05-03 23:43:46,640 INFO: Processing server 10.50.0.6...
2026-05-03 23:44:22,731 INFO: === SYNC COMPLETED ===
2026-05-03 23:57:08,644 INFO: === STARTING DEEP SERVER SYNC (REFINED V7 - PAGINATION FIX) ===
2026-05-03 23:57:08,644 INFO: Processing server 10.50.0.2...
2026-05-03 23:57:53,216 INFO: Processing server 10.50.0.3...
2026-05-03 23:58:39,441 INFO: Robust Pruning: Deleting disk ID 175 (SN: Z3M0A0QG)
2026-05-03 23:58:39,462 INFO: Robust Pruning: Deleting disk ID 176 (SN: Z3M0A0NW)
2026-05-03 23:58:39,482 INFO: Robust Pruning: Deleting disk ID 181 (SN: Z3M0A0QG)
2026-05-03 23:58:39,503 INFO: Robust Pruning: Deleting disk ID 182 (SN: Z3M0A0NW)
2026-05-03 23:58:39,522 INFO: Robust Pruning: Deleting disk ID 187 (SN: Z3M0A0QG)
2026-05-03 23:58:39,542 INFO: Robust Pruning: Deleting disk ID 188 (SN: Z3M0A0NW)
2026-05-03 23:58:39,561 INFO: Robust Pruning: Deleting disk ID 193 (SN: Z3M0A0QG)
2026-05-03 23:58:39,582 INFO: Robust Pruning: Deleting disk ID 194 (SN: Z3M0A0NW)
2026-05-03 23:58:39,601 INFO: Processing server 10.50.0.4...
2026-05-03 23:59:36,942 INFO: Robust Pruning: Deleting disk ID 177 (SN: Z3M0A0QU)
2026-05-03 23:59:36,961 INFO: Robust Pruning: Deleting disk ID 178 (SN: 1480A26C)
2026-05-03 23:59:36,980 INFO: Robust Pruning: Deleting disk ID 183 (SN: Z3M0A0QU)
2026-05-03 23:59:36,999 INFO: Robust Pruning: Deleting disk ID 184 (SN: 1480A26C)
2026-05-03 23:59:37,019 INFO: Robust Pruning: Deleting disk ID 189 (SN: Z3M0A0QU)
2026-05-03 23:59:37,040 INFO: Robust Pruning: Deleting disk ID 190 (SN: 1480A26C)
2026-05-03 23:59:37,061 INFO: Robust Pruning: Deleting disk ID 195 (SN: Z3M0A0QU)
2026-05-03 23:59:37,083 INFO: Robust Pruning: Deleting disk ID 196 (SN: 1480A26C)
2026-05-03 23:59:37,101 INFO: Processing server 10.50.0.5...
2026-05-04 00:00:16,062 INFO: Processing server 10.50.0.6...
2026-05-04 00:00:56,076 INFO: === SYNC COMPLETED ===
2026-05-04 00:10:02,030 INFO: === STARTING DEEP SERVER SYNC (REFINED V7 - PAGINATION FIX) ===
2026-05-04 00:10:02,030 INFO: Processing server 10.50.0.2...
2026-05-04 00:10:55,729 INFO: Processing server 10.50.0.3...
2026-05-04 00:11:41,267 INFO: Processing server 10.50.0.4...
2026-05-04 00:12:24,989 INFO: Processing server 10.50.0.5...
2026-05-04 00:12:55,919 INFO: Processing server 10.50.0.6...
2026-05-04 00:13:33,329 INFO: === SYNC COMPLETED ===
2026-05-04 00:15:01,466 INFO: === STARTING DEEP SERVER SYNC (REFINED V7 - PAGINATION FIX) ===
2026-05-04 00:15:01,467 INFO: Processing server 10.50.0.2...
2026-05-04 00:15:50,777 INFO: Processing server 10.50.0.3...
2026-05-04 00:16:43,977 INFO: Processing server 10.50.0.4...
2026-05-04 00:17:27,989 INFO: Processing server 10.50.0.5...
2026-05-04 00:18:03,944 INFO: Processing server 10.50.0.6...
2026-05-04 00:18:39,881 INFO: === SYNC COMPLETED ===
2026-05-04 00:20:02,021 INFO: === STARTING DEEP SERVER SYNC (REFINED V7 - PAGINATION FIX) ===
2026-05-04 00:20:02,021 INFO: Processing server 10.50.0.2...
2026-05-04 00:20:48,460 INFO: Processing server 10.50.0.3...
2026-05-04 00:21:32,171 INFO: Processing server 10.50.0.4...
2026-05-04 00:22:19,613 INFO: Processing server 10.50.0.5...
2026-05-04 00:22:53,841 INFO: Processing server 10.50.0.6...
2026-05-04 00:23:29,143 INFO: === SYNC COMPLETED ===
2026-05-04 00:25:01,281 INFO: === STARTING DEEP SERVER SYNC (REFINED V7 - PAGINATION FIX) ===
2026-05-04 00:25:01,281 INFO: Processing server 10.50.0.2...
2026-05-04 00:25:51,255 INFO: Processing server 10.50.0.3...
2026-05-04 00:26:41,726 INFO: Processing server 10.50.0.4...
2026-05-04 00:27:26,609 INFO: Processing server 10.50.0.5...
2026-05-04 00:28:03,362 INFO: Processing server 10.50.0.6...
2026-05-04 00:28:47,222 INFO: === SYNC COMPLETED ===
2026-05-04 00:30:01,366 INFO: === STARTING DEEP SERVER SYNC (REFINED V7 - PAGINATION FIX) ===
2026-05-04 00:30:01,366 INFO: Processing server 10.50.0.2...
2026-05-04 00:30:51,945 INFO: Processing server 10.50.0.3...
2026-05-04 00:31:43,259 INFO: Processing server 10.50.0.4...
2026-05-04 00:32:29,567 INFO: Processing server 10.50.0.5...
2026-05-04 00:33:00,449 INFO: Processing server 10.50.0.6...
2026-05-04 00:33:36,715 INFO: === SYNC COMPLETED ===
2026-05-04 00:35:01,865 INFO: === STARTING DEEP SERVER SYNC (REFINED V7 - PAGINATION FIX) ===
2026-05-04 00:35:01,865 INFO: Processing server 10.50.0.2...
2026-05-04 00:35:49,930 INFO: Processing server 10.50.0.3...
2026-05-04 00:36:40,404 INFO: Processing server 10.50.0.4...
2026-05-04 00:37:33,069 INFO: Processing server 10.50.0.5...
2026-05-04 00:38:03,914 INFO: Processing server 10.50.0.6...
2026-05-04 00:38:39,941 INFO: === SYNC COMPLETED ===
2026-05-04 00:40:02,084 INFO: === STARTING DEEP SERVER SYNC (REFINED V7 - PAGINATION FIX) ===
2026-05-04 00:40:02,085 INFO: Processing server 10.50.0.2...
2026-05-04 00:40:47,229 INFO: Processing server 10.50.0.3...
2026-05-04 00:41:31,846 INFO: Processing server 10.50.0.4...
2026-05-04 00:42:16,839 INFO: Processing server 10.50.0.5...
2026-05-04 00:42:50,670 INFO: Processing server 10.50.0.6...
2026-05-04 00:43:33,733 INFO: === SYNC COMPLETED ===
2026-05-04 00:45:01,866 INFO: === STARTING DEEP SERVER SYNC (REFINED V7 - PAGINATION FIX) ===
2026-05-04 00:45:01,866 INFO: Processing server 10.50.0.2...
2026-05-04 00:45:54,938 INFO: Processing server 10.50.0.3...
2026-05-04 00:46:42,067 INFO: Processing server 10.50.0.4...
2026-05-04 00:47:26,265 INFO: Processing server 10.50.0.5...
2026-05-04 00:48:02,634 INFO: Processing server 10.50.0.6...
2026-05-04 00:48:39,903 INFO: === SYNC COMPLETED ===
2026-05-04 00:50:02,041 INFO: === STARTING DEEP SERVER SYNC (REFINED V7 - PAGINATION FIX) ===
2026-05-04 00:50:02,041 INFO: Processing server 10.50.0.2...
2026-05-04 00:50:47,985 INFO: Processing server 10.50.0.3...
2026-05-04 00:51:32,392 INFO: Processing server 10.50.0.4...
2026-05-04 00:52:24,095 INFO: Processing server 10.50.0.5...
2026-05-04 00:52:55,691 INFO: Processing server 10.50.0.6...
2026-05-04 00:53:31,832 INFO: === SYNC COMPLETED ===
2026-05-04 00:55:01,961 INFO: === STARTING DEEP SERVER SYNC (REFINED V7 - PAGINATION FIX) ===
2026-05-04 00:55:01,961 INFO: Processing server 10.50.0.2...
2026-05-04 00:55:50,252 INFO: Processing server 10.50.0.3...
2026-05-04 00:56:40,526 INFO: Processing server 10.50.0.4...
2026-05-04 00:57:26,146 INFO: Processing server 10.50.0.5...
2026-05-04 00:58:02,575 INFO: Processing server 10.50.0.6...
2026-05-04 00:58:40,268 INFO: === SYNC COMPLETED ===
2026-05-04 01:00:01,396 INFO: === STARTING DEEP SERVER SYNC (REFINED V7 - PAGINATION FIX) ===
2026-05-04 01:00:01,396 INFO: Processing server 10.50.0.2...
2026-05-04 01:00:52,461 INFO: Processing server 10.50.0.3...
2026-05-04 01:01:37,487 INFO: Processing server 10.50.0.4...
2026-05-04 01:02:23,459 INFO: Processing server 10.50.0.5...
2026-05-04 01:02:54,602 INFO: Processing server 10.50.0.6...
2026-05-04 01:03:30,516 INFO: === SYNC COMPLETED ===
2026-05-04 01:05:01,661 INFO: === STARTING DEEP SERVER SYNC (REFINED V7 - PAGINATION FIX) ===
2026-05-04 01:05:01,661 INFO: Processing server 10.50.0.2...
2026-05-04 01:05:50,314 INFO: Processing server 10.50.0.3...
2026-05-04 01:06:42,803 INFO: Processing server 10.50.0.4...
2026-05-04 01:07:28,953 INFO: Processing server 10.50.0.5...
2026-05-04 01:08:02,298 INFO: Processing server 10.50.0.6...
2026-05-04 01:08:40,127 INFO: === SYNC COMPLETED ===
2026-05-04 01:10:01,608 INFO: === STARTING DEEP SERVER SYNC (REFINED V7 - PAGINATION FIX) ===
2026-05-04 01:10:01,608 INFO: Processing server 10.50.0.2...
2026-05-04 01:10:46,165 INFO: Processing server 10.50.0.3...
2026-05-04 01:11:30,173 INFO: Processing server 10.50.0.4...
2026-05-04 01:12:16,939 INFO: Processing server 10.50.0.5...
2026-05-04 01:12:51,102 INFO: Processing server 10.50.0.6...
2026-05-04 01:13:27,754 INFO: === SYNC COMPLETED ===
2026-05-04 01:15:01,902 INFO: === STARTING DEEP SERVER SYNC (REFINED V7 - PAGINATION FIX) ===
2026-05-04 01:15:01,902 INFO: Processing server 10.50.0.2...
2026-05-04 01:15:49,963 INFO: Processing server 10.50.0.3...
2026-05-04 01:16:41,396 INFO: Processing server 10.50.0.4...
2026-05-04 01:17:26,443 INFO: Processing server 10.50.0.5...
2026-05-04 01:18:01,952 INFO: Processing server 10.50.0.6...
2026-05-04 01:18:45,247 INFO: === SYNC COMPLETED ===
2026-05-04 01:20:01,382 INFO: === STARTING DEEP SERVER SYNC (REFINED V7 - PAGINATION FIX) ===
2026-05-04 01:20:01,382 INFO: Processing server 10.50.0.2...
2026-05-04 01:20:53,335 INFO: Processing server 10.50.0.3...
2026-05-04 01:21:44,911 INFO: Processing server 10.50.0.4...
2026-05-04 01:22:29,948 INFO: Processing server 10.50.0.5...
2026-05-04 01:23:00,898 INFO: Processing server 10.50.0.6...
2026-05-04 01:23:37,514 INFO: === SYNC COMPLETED ===
2026-05-04 01:25:01,648 INFO: === STARTING DEEP SERVER SYNC (REFINED V7 - PAGINATION FIX) ===
2026-05-04 01:25:01,648 INFO: Processing server 10.50.0.2...
2026-05-04 01:25:49,731 INFO: Processing server 10.50.0.3...
2026-05-04 01:26:40,749 INFO: Processing server 10.50.0.4...
2026-05-04 01:27:32,634 INFO: Processing server 10.50.0.5...
2026-05-04 01:28:03,644 INFO: Processing server 10.50.0.6...
2026-05-04 01:28:41,054 INFO: === SYNC COMPLETED ===
2026-05-04 01:30:01,204 INFO: === STARTING DEEP SERVER SYNC (REFINED V7 - PAGINATION FIX) ===
2026-05-04 01:30:01,204 INFO: Processing server 10.50.0.2...
2026-05-04 01:30:47,196 INFO: Processing server 10.50.0.3...
2026-05-04 01:31:32,420 INFO: Processing server 10.50.0.4...
2026-05-04 01:32:18,116 INFO: Processing server 10.50.0.5...
2026-05-04 01:32:48,924 INFO: Processing server 10.50.0.6...
2026-05-04 01:33:32,433 INFO: === SYNC COMPLETED ===
2026-05-04 01:35:01,566 INFO: === STARTING DEEP SERVER SYNC (REFINED V7 - PAGINATION FIX) ===
2026-05-04 01:35:01,566 INFO: Processing server 10.50.0.2...
2026-05-04 01:35:54,231 INFO: Processing server 10.50.0.3...
2026-05-04 01:36:41,259 INFO: Processing server 10.50.0.4...
2026-05-04 01:37:26,087 INFO: Processing server 10.50.0.5...
2026-05-04 01:38:01,557 INFO: Processing server 10.50.0.6...
2026-05-04 01:38:41,146 INFO: === SYNC COMPLETED ===
2026-05-04 01:40:01,299 INFO: === STARTING DEEP SERVER SYNC (REFINED V7 - PAGINATION FIX) ===
2026-05-04 01:40:01,299 INFO: Processing server 10.50.0.2...
2026-05-04 01:40:47,206 INFO: Processing server 10.50.0.3...
2026-05-04 01:41:38,386 INFO: Processing server 10.50.0.4...
2026-05-04 01:42:26,987 INFO: Processing server 10.50.0.5...
2026-05-04 01:42:57,997 INFO: Processing server 10.50.0.6...
2026-05-04 01:43:33,364 INFO: === SYNC COMPLETED ===
2026-05-04 01:45:01,507 INFO: === STARTING DEEP SERVER SYNC (REFINED V7 - PAGINATION FIX) ===
2026-05-04 01:45:01,508 INFO: Processing server 10.50.0.2...
2026-05-04 01:45:50,279 INFO: Processing server 10.50.0.3...
2026-05-04 01:46:41,176 INFO: Processing server 10.50.0.4...
2026-05-04 01:47:28,821 INFO: Processing server 10.50.0.5...
2026-05-04 01:48:03,495 INFO: Processing server 10.50.0.6...
2026-05-04 01:48:41,825 INFO: === SYNC COMPLETED ===
2026-05-04 01:50:01,959 INFO: === STARTING DEEP SERVER SYNC (REFINED V7 - PAGINATION FIX) ===
2026-05-04 01:50:01,959 INFO: Processing server 10.50.0.2...
2026-05-04 01:50:48,454 INFO: Processing server 10.50.0.3...
2026-05-04 01:51:33,636 INFO: Processing server 10.50.0.4...
2026-05-04 01:52:18,306 INFO: Processing server 10.50.0.5...
2026-05-04 01:52:49,133 INFO: Processing server 10.50.0.6...
2026-05-04 01:53:28,554 INFO: === SYNC COMPLETED ===
2026-05-04 01:55:01,690 INFO: === STARTING DEEP SERVER SYNC (REFINED V7 - PAGINATION FIX) ===
2026-05-04 01:55:01,690 INFO: Processing server 10.50.0.2...
2026-05-04 01:55:51,668 INFO: Processing server 10.50.0.3...
2026-05-04 01:56:44,390 INFO: Processing server 10.50.0.4...
2026-05-04 01:57:29,117 INFO: Processing server 10.50.0.5...
2026-05-04 01:58:00,831 INFO: Processing server 10.50.0.6...
2026-05-04 01:58:41,294 INFO: === SYNC COMPLETED ===
2026-05-04 02:00:01,432 INFO: === STARTING DEEP SERVER SYNC (REFINED V7 - PAGINATION FIX) ===
2026-05-04 02:00:01,432 INFO: Processing server 10.50.0.2...
2026-05-04 02:00:49,993 INFO: Processing server 10.50.0.3...
2026-05-04 02:01:34,707 INFO: Processing server 10.50.0.4...
2026-05-04 02:02:27,361 INFO: Processing server 10.50.0.5...
2026-05-04 02:02:58,464 INFO: Processing server 10.50.0.6...
2026-05-04 02:03:35,005 INFO: === SYNC COMPLETED ===
2026-05-04 02:05:01,134 INFO: === STARTING DEEP SERVER SYNC (REFINED V7 - PAGINATION FIX) ===
2026-05-04 02:05:01,134 INFO: Processing server 10.50.0.2...
2026-05-04 02:05:48,826 INFO: Processing server 10.50.0.3...
2026-05-04 02:06:39,083 INFO: Processing server 10.50.0.4...
2026-05-04 02:07:25,603 INFO: Processing server 10.50.0.5...
2026-05-04 02:08:00,148 INFO: Processing server 10.50.0.6...
2026-05-04 02:08:43,922 INFO: === SYNC COMPLETED ===
2026-05-04 02:10:02,060 INFO: === STARTING DEEP SERVER SYNC (REFINED V7 - PAGINATION FIX) ===
2026-05-04 02:10:02,060 INFO: Processing server 10.50.0.2...
2026-05-04 02:10:54,376 INFO: Processing server 10.50.0.3...
2026-05-04 02:11:39,767 INFO: Processing server 10.50.0.4...
2026-05-04 02:12:24,103 INFO: Processing server 10.50.0.5...
2026-05-04 02:12:54,951 INFO: Processing server 10.50.0.6...
2026-05-04 02:13:30,809 INFO: === SYNC COMPLETED ===
2026-05-04 02:15:01,961 INFO: === STARTING DEEP SERVER SYNC (REFINED V7 - PAGINATION FIX) ===
2026-05-04 02:15:01,961 INFO: Processing server 10.50.0.2...
2026-05-04 02:15:48,616 INFO: Processing server 10.50.0.3...
2026-05-04 02:16:44,199 INFO: Processing server 10.50.0.4...
2026-05-04 02:17:36,502 INFO: Processing server 10.50.0.5...
2026-05-04 02:18:07,458 INFO: Processing server 10.50.0.6...
2026-05-04 02:18:43,089 INFO: === SYNC COMPLETED ===
2026-05-04 02:20:01,223 INFO: === STARTING DEEP SERVER SYNC (REFINED V7 - PAGINATION FIX) ===
2026-05-04 02:20:01,223 INFO: Processing server 10.50.0.2...
2026-05-04 02:20:46,405 INFO: Processing server 10.50.0.3...
2026-05-04 02:21:30,129 INFO: Processing server 10.50.0.4...
2026-05-04 02:22:14,662 INFO: Processing server 10.50.0.5...
2026-05-04 02:22:48,348 INFO: Processing server 10.50.0.6...
2026-05-04 02:23:32,272 INFO: === SYNC COMPLETED ===
2026-05-04 02:25:01,404 INFO: === STARTING DEEP SERVER SYNC (REFINED V7 - PAGINATION FIX) ===
2026-05-04 02:25:01,404 INFO: Processing server 10.50.0.2...
2026-05-04 02:25:56,220 INFO: Processing server 10.50.0.3...
2026-05-04 02:26:42,266 INFO: Processing server 10.50.0.4...
2026-05-04 02:27:26,804 INFO: Processing server 10.50.0.5...
2026-05-04 02:27:59,542 INFO: Processing server 10.50.0.6...
2026-05-04 02:28:40,731 INFO: === SYNC COMPLETED ===
2026-05-04 02:30:01,874 INFO: === STARTING DEEP SERVER SYNC (REFINED V7 - PAGINATION FIX) ===
2026-05-04 02:30:01,874 INFO: Processing server 10.50.0.2...
2026-05-04 02:30:48,090 INFO: Processing server 10.50.0.3...
2026-05-04 02:31:40,944 INFO: Processing server 10.50.0.4...
2026-05-04 02:32:25,606 INFO: Processing server 10.50.0.5...
2026-05-04 02:32:56,544 INFO: Processing server 10.50.0.6...
2026-05-04 02:33:32,534 INFO: === SYNC COMPLETED ===
2026-05-04 02:35:01,665 INFO: === STARTING DEEP SERVER SYNC (REFINED V7 - PAGINATION FIX) ===
2026-05-04 02:35:01,665 INFO: Processing server 10.50.0.2...
2026-05-04 02:35:48,639 INFO: Processing server 10.50.0.3...
2026-05-04 02:36:39,534 INFO: Processing server 10.50.0.4...
2026-05-04 02:37:33,450 INFO: Processing server 10.50.0.5...
2026-05-04 02:38:04,589 INFO: Processing server 10.50.0.6...
2026-05-04 02:38:42,451 INFO: === SYNC COMPLETED ===
2026-05-04 02:40:01,583 INFO: === STARTING DEEP SERVER SYNC (REFINED V7 - PAGINATION FIX) ===
2026-05-04 02:40:01,583 INFO: Processing server 10.50.0.2...
2026-05-04 02:40:47,291 INFO: Processing server 10.50.0.3...
2026-05-04 02:41:33,390 INFO: Processing server 10.50.0.4...
2026-05-04 02:42:18,114 INFO: Processing server 10.50.0.5...
2026-05-04 02:42:48,901 INFO: Processing server 10.50.0.6...
2026-05-04 02:43:33,897 INFO: === SYNC COMPLETED ===
2026-05-04 02:45:02,029 INFO: === STARTING DEEP SERVER SYNC (REFINED V7 - PAGINATION FIX) ===
2026-05-04 02:45:02,030 INFO: Processing server 10.50.0.2...
2026-05-04 02:45:54,458 INFO: Processing server 10.50.0.3...
2026-05-04 02:46:43,952 INFO: Processing server 10.50.0.4...
2026-05-04 02:47:29,525 INFO: Processing server 10.50.0.5...
2026-05-04 02:48:00,802 INFO: Processing server 10.50.0.6...
2026-05-04 02:48:42,757 INFO: === SYNC COMPLETED ===
2026-05-04 02:50:01,906 INFO: === STARTING DEEP SERVER SYNC (REFINED V7 - PAGINATION FIX) ===
2026-05-04 02:50:01,906 INFO: Processing server 10.50.0.2...
2026-05-04 02:50:47,852 INFO: Processing server 10.50.0.3...
2026-05-04 02:51:33,284 INFO: Processing server 10.50.0.4...
2026-05-04 02:52:26,315 INFO: Processing server 10.50.0.5...
2026-05-04 02:52:57,180 INFO: Processing server 10.50.0.6...
2026-05-04 02:53:32,364 INFO: === SYNC COMPLETED ===
2026-05-04 02:55:01,507 INFO: === STARTING DEEP SERVER SYNC (REFINED V7 - PAGINATION FIX) ===
2026-05-04 02:55:01,507 INFO: Processing server 10.50.0.2...
2026-05-04 02:55:48,441 INFO: Processing server 10.50.0.3...
2026-05-04 02:56:39,587 INFO: Processing server 10.50.0.4...
2026-05-04 02:57:26,100 INFO: Processing server 10.50.0.5...
2026-05-04 02:58:00,373 INFO: Processing server 10.50.0.6...
2026-05-04 02:58:43,154 INFO: === SYNC COMPLETED ===
2026-05-04 03:00:01,303 INFO: === STARTING DEEP SERVER SYNC (REFINED V7 - PAGINATION FIX) ===
2026-05-04 03:00:01,304 INFO: Processing server 10.50.0.2...
2026-05-04 03:01:02,086 INFO: Processing server 10.50.0.3...
2026-05-04 03:01:53,459 INFO: Processing server 10.50.0.4...
2026-05-04 03:02:37,185 INFO: Processing server 10.50.0.5...
2026-05-04 03:03:11,386 INFO: Processing server 10.50.0.6...
2026-05-04 03:03:48,105 INFO: === SYNC COMPLETED ===
2026-05-04 03:05:01,243 INFO: === STARTING DEEP SERVER SYNC (REFINED V7 - PAGINATION FIX) ===
2026-05-04 03:05:01,243 INFO: Processing server 10.50.0.2...
2026-05-04 03:05:48,425 INFO: Processing server 10.50.0.3...
2026-05-04 03:06:44,179 INFO: Processing server 10.50.0.4...
2026-05-04 03:07:30,072 INFO: Processing server 10.50.0.5...
2026-05-04 03:08:01,306 INFO: Processing server 10.50.0.6...
2026-05-04 03:08:43,205 INFO: === SYNC COMPLETED ===
2026-05-04 03:10:01,338 INFO: === STARTING DEEP SERVER SYNC (REFINED V7 - PAGINATION FIX) ===
2026-05-04 03:10:01,338 INFO: Processing server 10.50.0.2...
2026-05-04 03:10:45,935 INFO: Processing server 10.50.0.3...
2026-05-04 03:11:31,369 INFO: Processing server 10.50.0.4...
2026-05-04 03:12:16,293 INFO: Processing server 10.50.0.5...
2026-05-04 03:12:50,959 INFO: Processing server 10.50.0.6...
2026-05-04 03:13:30,453 INFO: === SYNC COMPLETED ===
2026-05-04 03:15:01,583 INFO: === STARTING DEEP SERVER SYNC (REFINED V7 - PAGINATION FIX) ===
2026-05-04 03:15:01,583 INFO: Processing server 10.50.0.2...
2026-05-04 03:15:48,054 INFO: Processing server 10.50.0.3...
2026-05-04 03:16:39,524 INFO: Processing server 10.50.0.4...
2026-05-04 03:17:24,335 INFO: Processing server 10.50.0.5...
2026-05-04 03:17:57,963 INFO: Processing server 10.50.0.6...
2026-05-04 03:18:35,818 INFO: === SYNC COMPLETED ===
2026-05-04 03:20:01,954 INFO: === STARTING DEEP SERVER SYNC (REFINED V7 - PAGINATION FIX) ===
2026-05-04 03:20:01,955 INFO: Processing server 10.50.0.2...
2026-05-04 03:20:48,250 INFO: Processing server 10.50.0.3...
2026-05-04 03:21:43,643 INFO: Processing server 10.50.0.4...
2026-05-04 03:22:28,344 INFO: Processing server 10.50.0.5...
2026-05-04 03:22:59,447 INFO: Processing server 10.50.0.6...
2026-05-04 03:23:36,044 INFO: === SYNC COMPLETED ===
2026-05-04 03:25:01,176 INFO: === STARTING DEEP SERVER SYNC (REFINED V7 - PAGINATION FIX) ===
2026-05-04 03:25:01,176 INFO: Processing server 10.50.0.2...
2026-05-04 03:25:47,879 INFO: Processing server 10.50.0.3...
2026-05-04 03:26:37,784 INFO: Processing server 10.50.0.4...
2026-05-04 03:27:29,844 INFO: Processing server 10.50.0.5...
2026-05-04 03:28:00,632 INFO: Processing server 10.50.0.6...
2026-05-04 03:28:41,807 INFO: === SYNC COMPLETED ===
2026-05-04 03:30:01,937 INFO: === STARTING DEEP SERVER SYNC (REFINED V7 - PAGINATION FIX) ===
2026-05-04 03:30:01,937 INFO: Processing server 10.50.0.2...
2026-05-04 03:30:46,936 INFO: Processing server 10.50.0.3...
2026-05-04 03:31:33,674 INFO: Processing server 10.50.0.4...
2026-05-04 03:32:18,797 INFO: Processing server 10.50.0.5...
2026-05-04 03:32:50,290 INFO: Processing server 10.50.0.6...
2026-05-04 03:33:34,450 INFO: === SYNC COMPLETED ===
2026-05-04 03:35:01,582 INFO: === STARTING DEEP SERVER SYNC (REFINED V7 - PAGINATION FIX) ===
2026-05-04 03:35:01,582 INFO: Processing server 10.50.0.2...
2026-05-04 03:35:55,315 INFO: Processing server 10.50.0.3...
2026-05-04 03:36:40,548 INFO: Processing server 10.50.0.4...
2026-05-04 03:37:25,554 INFO: Processing server 10.50.0.5...
2026-05-04 03:37:56,701 INFO: Processing server 10.50.0.6...
2026-05-04 03:38:33,250 INFO: === SYNC COMPLETED ===
2026-05-04 03:40:01,399 INFO: === STARTING DEEP SERVER SYNC (REFINED V7 - PAGINATION FIX) ===
2026-05-04 03:40:01,399 INFO: Processing server 10.50.0.2...
2026-05-04 03:40:46,350 INFO: Processing server 10.50.0.3...
2026-05-04 03:41:39,450 INFO: Processing server 10.50.0.4...
2026-05-04 03:42:35,797 INFO: Processing server 10.50.0.5...
2026-05-04 03:43:09,429 INFO: Processing server 10.50.0.6...
2026-05-04 03:43:45,064 INFO: === SYNC COMPLETED ===
2026-05-04 03:45:01,196 INFO: === STARTING DEEP SERVER SYNC (REFINED V7 - PAGINATION FIX) ===
2026-05-04 03:45:01,196 INFO: Processing server 10.50.0.2...
2026-05-04 03:45:47,084 INFO: Processing server 10.50.0.3...
2026-05-04 03:46:38,339 INFO: Processing server 10.50.0.4...
2026-05-04 03:47:23,203 INFO: Processing server 10.50.0.5...
2026-05-04 03:47:57,826 INFO: Processing server 10.50.0.6...
2026-05-04 03:48:32,631 INFO: === SYNC COMPLETED ===
2026-05-04 03:50:01,762 INFO: === STARTING DEEP SERVER SYNC (REFINED V7 - PAGINATION FIX) ===
2026-05-04 03:50:01,762 INFO: Processing server 10.50.0.2...
2026-05-04 03:50:47,791 INFO: Processing server 10.50.0.3...
2026-05-04 03:51:33,860 INFO: Processing server 10.50.0.4...
2026-05-04 03:52:20,100 INFO: Processing server 10.50.0.5...
2026-05-04 03:52:51,265 INFO: Processing server 10.50.0.6...
2026-05-04 03:53:32,449 INFO: === SYNC COMPLETED ===
2026-05-04 03:55:01,596 INFO: === STARTING DEEP SERVER SYNC (REFINED V7 - PAGINATION FIX) ===
2026-05-04 03:55:01,596 INFO: Processing server 10.50.0.2...
2026-05-04 03:55:51,346 INFO: Processing server 10.50.0.3...
2026-05-04 03:56:44,528 INFO: Processing server 10.50.0.4...
2026-05-04 03:57:28,784 INFO: Processing server 10.50.0.5...
2026-05-04 03:57:59,778 INFO: Processing server 10.50.0.6...
2026-05-04 03:58:34,798 INFO: === SYNC COMPLETED ===
2026-05-04 04:00:01,942 INFO: === STARTING DEEP SERVER SYNC (REFINED V7 - PAGINATION FIX) ===
2026-05-04 04:00:01,942 INFO: Processing server 10.50.0.2...
2026-05-04 04:00:50,323 INFO: Processing server 10.50.0.3...
2026-05-04 04:01:35,676 INFO: Processing server 10.50.0.4...
2026-05-04 04:02:33,580 INFO: Processing server 10.50.0.5...
2026-05-04 04:03:09,088 INFO: Processing server 10.50.0.6...
2026-05-04 04:03:45,668 INFO: === SYNC COMPLETED ===
2026-05-04 04:05:01,796 INFO: === STARTING DEEP SERVER SYNC (REFINED V7 - PAGINATION FIX) ===
2026-05-04 04:05:01,796 INFO: Processing server 10.50.0.2...
2026-05-04 04:05:47,646 INFO: Processing server 10.50.0.3...
2026-05-04 04:06:38,717 INFO: Processing server 10.50.0.4...
2026-05-04 04:07:23,913 INFO: Processing server 10.50.0.5...
2026-05-04 04:07:55,676 INFO: Processing server 10.50.0.6...
2026-05-04 04:08:44,128 INFO: === SYNC COMPLETED ===
2026-05-04 04:10:01,264 INFO: === STARTING DEEP SERVER SYNC (REFINED V7 - PAGINATION FIX) ===
2026-05-04 04:10:01,264 INFO: Processing server 10.50.0.2...
2026-05-04 04:10:59,972 INFO: Processing server 10.50.0.3...
2026-05-04 04:11:51,628 INFO: Processing server 10.50.0.4...
2026-05-04 04:12:36,821 INFO: Processing server 10.50.0.5...
2026-05-04 04:13:08,744 INFO: Processing server 10.50.0.6...
2026-05-04 04:13:45,855 INFO: === SYNC COMPLETED ===
2026-05-04 04:15:02,010 INFO: === STARTING DEEP SERVER SYNC (REFINED V7 - PAGINATION FIX) ===
2026-05-04 04:15:02,011 INFO: Processing server 10.50.0.2...
2026-05-04 04:15:47,851 INFO: Processing server 10.50.0.3...
2026-05-04 04:16:42,396 INFO: Processing server 10.50.0.4...
2026-05-04 04:17:27,644 INFO: Processing server 10.50.0.5...
2026-05-04 04:17:58,722 INFO: Processing server 10.50.0.6...
2026-05-04 04:18:34,774 INFO: === SYNC COMPLETED ===
2026-05-04 04:20:01,907 INFO: === STARTING DEEP SERVER SYNC (REFINED V7 - PAGINATION FIX) ===
2026-05-04 04:20:01,907 INFO: Processing server 10.50.0.2...
2026-05-04 04:20:46,342 INFO: Processing server 10.50.0.3...
2026-05-04 04:21:30,589 INFO: Processing server 10.50.0.4...
2026-05-04 04:22:15,019 INFO: Processing server 10.50.0.5...
2026-05-04 04:22:49,226 INFO: Processing server 10.50.0.6...
2026-05-04 04:23:29,813 INFO: === SYNC COMPLETED ===
2026-05-04 04:25:01,960 INFO: === STARTING DEEP SERVER SYNC (REFINED V7 - PAGINATION FIX) ===
2026-05-04 04:25:01,960 INFO: Processing server 10.50.0.2...
2026-05-04 04:25:47,443 INFO: Processing server 10.50.0.3...
2026-05-04 04:26:37,941 INFO: Processing server 10.50.0.4...
2026-05-04 04:27:22,833 INFO: Processing server 10.50.0.5...
2026-05-04 04:27:54,879 INFO: Processing server 10.50.0.6...
2026-05-04 04:28:31,619 INFO: === SYNC COMPLETED ===
2026-05-04 04:30:01,777 INFO: === STARTING DEEP SERVER SYNC (REFINED V7 - PAGINATION FIX) ===
2026-05-04 04:30:01,777 INFO: Processing server 10.50.0.2...
2026-05-04 04:30:49,940 INFO: Processing server 10.50.0.3...
2026-05-04 04:31:42,934 INFO: Processing server 10.50.0.4...
2026-05-04 04:32:28,005 INFO: Processing server 10.50.0.5...
2026-05-04 04:32:58,708 INFO: Processing server 10.50.0.6...
2026-05-04 04:33:35,269 INFO: === SYNC COMPLETED ===
2026-05-04 04:35:01,412 INFO: === STARTING DEEP SERVER SYNC (REFINED V7 - PAGINATION FIX) ===
2026-05-04 04:35:01,412 INFO: Processing server 10.50.0.2...
2026-05-04 04:35:47,216 INFO: Processing server 10.50.0.3...
2026-05-04 04:36:37,286 INFO: Processing server 10.50.0.4...
2026-05-04 04:37:31,652 INFO: Processing server 10.50.0.5...
2026-05-04 04:38:02,365 INFO: Processing server 10.50.0.6...
2026-05-04 04:38:43,514 INFO: === SYNC COMPLETED ===
2026-05-04 04:40:01,651 INFO: === STARTING DEEP SERVER SYNC (REFINED V7 - PAGINATION FIX) ===
2026-05-04 04:40:01,651 INFO: Processing server 10.50.0.2...
2026-05-04 04:40:46,507 INFO: Processing server 10.50.0.3...
2026-05-04 04:41:30,603 INFO: Processing server 10.50.0.4...
2026-05-04 04:42:15,817 INFO: Processing server 10.50.0.5...
2026-05-04 04:42:46,556 INFO: Processing server 10.50.0.6...
2026-05-04 04:43:32,811 INFO: === SYNC COMPLETED ===
2026-05-04 04:45:01,964 INFO: === STARTING DEEP SERVER SYNC (REFINED V7 - PAGINATION FIX) ===
2026-05-04 04:45:01,965 INFO: Processing server 10.50.0.2...
2026-05-04 04:45:54,631 INFO: Processing server 10.50.0.3...
2026-05-04 04:46:40,637 INFO: Processing server 10.50.0.4...
2026-05-04 04:47:24,601 INFO: Processing server 10.50.0.5...
2026-05-04 04:47:55,649 INFO: Processing server 10.50.0.6...
2026-05-04 04:48:31,739 INFO: === SYNC COMPLETED ===
2026-05-04 04:50:01,883 INFO: === STARTING DEEP SERVER SYNC (REFINED V7 - PAGINATION FIX) ===
2026-05-04 04:50:01,883 INFO: Processing server 10.50.0.2...
2026-05-04 04:50:47,615 INFO: Processing server 10.50.0.3...
2026-05-04 04:51:39,341 INFO: Processing server 10.50.0.4...
2026-05-04 04:52:35,627 INFO: Processing server 10.50.0.5...
2026-05-04 04:53:07,225 INFO: Processing server 10.50.0.6...
2026-05-04 04:53:42,975 INFO: === SYNC COMPLETED ===
2026-05-04 04:55:02,119 INFO: === STARTING DEEP SERVER SYNC (REFINED V7 - PAGINATION FIX) ===
2026-05-04 04:55:02,119 INFO: Processing server 10.50.0.2...
2026-05-04 04:55:47,232 INFO: Processing server 10.50.0.3...
2026-05-04 04:56:37,164 INFO: Processing server 10.50.0.4...
2026-05-04 04:57:22,213 INFO: Processing server 10.50.0.5...
2026-05-04 04:57:56,384 INFO: Processing server 10.50.0.6...
2026-05-04 04:58:32,755 INFO: === SYNC COMPLETED ===
2026-05-04 05:00:01,899 INFO: === STARTING DEEP SERVER SYNC (REFINED V7 - PAGINATION FIX) ===
2026-05-04 05:00:01,899 INFO: Processing server 10.50.0.2...
2026-05-04 05:00:58,954 INFO: Processing server 10.50.0.3...
2026-05-04 05:01:49,890 INFO: Processing server 10.50.0.4...
2026-05-04 05:02:34,989 INFO: Processing server 10.50.0.5...
2026-05-04 05:03:06,763 INFO: Processing server 10.50.0.6...
2026-05-04 05:03:44,439 INFO: === SYNC COMPLETED ===
2026-05-04 05:05:01,582 INFO: === STARTING DEEP SERVER SYNC (REFINED V7 - PAGINATION FIX) ===
2026-05-04 05:05:01,582 INFO: Processing server 10.50.0.2...
2026-05-04 05:05:48,184 INFO: Processing server 10.50.0.3...
2026-05-04 05:06:40,360 INFO: Processing server 10.50.0.4...
2026-05-04 05:07:25,134 INFO: Processing server 10.50.0.5...
2026-05-04 05:07:56,821 INFO: Processing server 10.50.0.6...
2026-05-04 05:08:32,046 INFO: === SYNC COMPLETED ===
2026-05-04 05:10:01,188 INFO: === STARTING DEEP SERVER SYNC (REFINED V7 - PAGINATION FIX) ===
2026-05-04 05:10:01,188 INFO: Processing server 10.50.0.2...
2026-05-04 05:10:46,935 INFO: Processing server 10.50.0.3...
2026-05-04 05:11:31,950 INFO: Processing server 10.50.0.4...
2026-05-04 05:12:24,447 INFO: Processing server 10.50.0.5...
2026-05-04 05:12:55,491 INFO: Processing server 10.50.0.6...
2026-05-04 05:13:32,405 INFO: === SYNC COMPLETED ===
2026-05-04 05:15:01,568 INFO: === STARTING DEEP SERVER SYNC (REFINED V7 - PAGINATION FIX) ===
2026-05-04 05:15:01,569 INFO: Processing server 10.50.0.2...
2026-05-04 05:15:46,170 INFO: Processing server 10.50.0.3...
2026-05-04 05:16:36,672 INFO: Processing server 10.50.0.4...
2026-05-04 05:17:22,433 INFO: Processing server 10.50.0.5...
2026-05-04 05:17:53,142 INFO: Processing server 10.50.0.6...
2026-05-04 05:18:35,073 INFO: === SYNC COMPLETED ===
2026-05-04 05:20:01,219 INFO: === STARTING DEEP SERVER SYNC (REFINED V7 - PAGINATION FIX) ===
2026-05-04 05:20:01,219 INFO: Processing server 10.50.0.2...
2026-05-04 05:20:58,848 INFO: Processing server 10.50.0.3...
2026-05-04 05:21:50,253 INFO: Processing server 10.50.0.4...
2026-05-04 05:22:35,287 INFO: Processing server 10.50.0.5...
2026-05-04 05:23:06,363 INFO: Processing server 10.50.0.6...
2026-05-04 05:23:42,570 INFO: === SYNC COMPLETED ===
2026-05-04 05:25:01,712 INFO: === STARTING DEEP SERVER SYNC (REFINED V7 - PAGINATION FIX) ===
2026-05-04 05:25:01,712 INFO: Processing server 10.50.0.2...
2026-05-04 05:25:46,623 INFO: Processing server 10.50.0.3...
2026-05-04 05:26:44,604 INFO: Processing server 10.50.0.4...
2026-05-04 05:27:35,171 INFO: Processing server 10.50.0.5...
2026-05-04 05:28:06,255 INFO: Processing server 10.50.0.6...
2026-05-04 05:28:45,837 INFO: === SYNC COMPLETED ===
2026-05-04 05:30:01,987 INFO: === STARTING DEEP SERVER SYNC (REFINED V7 - PAGINATION FIX) ===
2026-05-04 05:30:01,987 INFO: Processing server 10.50.0.2...
2026-05-04 05:30:47,470 INFO: Processing server 10.50.0.3...
2026-05-04 05:31:32,726 INFO: Processing server 10.50.0.4...
2026-05-04 05:32:17,898 INFO: Processing server 10.50.0.5...
2026-05-04 05:32:50,807 INFO: Processing server 10.50.0.6...
2026-05-04 05:33:32,934 INFO: === SYNC COMPLETED ===
2026-05-04 05:35:02,077 INFO: === STARTING DEEP SERVER SYNC (REFINED V7 - PAGINATION FIX) ===
2026-05-04 05:35:02,077 INFO: Processing server 10.50.0.2...
2026-05-04 05:35:56,094 INFO: Processing server 10.50.0.3...
2026-05-04 05:36:41,063 INFO: Processing server 10.50.0.4...
2026-05-04 05:37:26,921 INFO: Processing server 10.50.0.5...
2026-05-04 05:37:57,599 INFO: Processing server 10.50.0.6...
2026-05-04 05:38:33,310 INFO: === SYNC COMPLETED ===
2026-05-04 05:40:01,442 INFO: === STARTING DEEP SERVER SYNC (REFINED V7 - PAGINATION FIX) ===
2026-05-04 05:40:01,443 INFO: Processing server 10.50.0.2...
2026-05-04 05:40:45,946 INFO: Processing server 10.50.0.3...
2026-05-04 05:41:39,644 INFO: Processing server 10.50.0.4...
2026-05-04 05:42:23,990 INFO: Processing server 10.50.0.5...
2026-05-04 05:42:54,883 INFO: Processing server 10.50.0.6...
2026-05-04 05:43:33,521 INFO: === SYNC COMPLETED ===
2026-05-04 05:45:01,674 INFO: === STARTING DEEP SERVER SYNC (REFINED V7 - PAGINATION FIX) ===
2026-05-04 05:45:01,674 INFO: Processing server 10.50.0.2...
2026-05-04 05:45:46,823 INFO: Processing server 10.50.0.3...
2026-05-04 05:46:37,262 INFO: Processing server 10.50.0.4...
2026-05-04 05:47:29,010 INFO: Processing server 10.50.0.5...
2026-05-04 05:47:59,919 INFO: Processing server 10.50.0.6...
2026-05-04 05:48:36,673 INFO: === SYNC COMPLETED ===
2026-05-04 05:50:01,828 INFO: === STARTING DEEP SERVER SYNC (REFINED V7 - PAGINATION FIX) ===
2026-05-04 05:50:01,828 INFO: Processing server 10.50.0.2...
2026-05-04 05:50:48,364 INFO: Processing server 10.50.0.3...
2026-05-04 05:51:32,740 INFO: Processing server 10.50.0.4...
2026-05-04 05:52:17,075 INFO: Processing server 10.50.0.5...
2026-05-04 05:52:47,951 INFO: Processing server 10.50.0.6...
2026-05-04 05:53:26,155 INFO: === SYNC COMPLETED ===
2026-05-04 05:55:01,318 INFO: === STARTING DEEP SERVER SYNC (REFINED V7 - PAGINATION FIX) ===
2026-05-04 05:55:01,318 INFO: Processing server 10.50.0.2...
2026-05-04 05:55:54,219 INFO: Processing server 10.50.0.3...
2026-05-04 05:56:42,231 INFO: Processing server 10.50.0.4...
2026-05-04 05:57:27,039 INFO: Processing server 10.50.0.5...
2026-05-04 05:57:58,207 INFO: Processing server 10.50.0.6...
2026-05-04 05:58:33,302 INFO: === SYNC COMPLETED ===
2026-05-04 06:00:01,455 INFO: === STARTING DEEP SERVER SYNC (REFINED V7 - PAGINATION FIX) ===
2026-05-04 06:00:01,455 INFO: Processing server 10.50.0.2...
2026-05-04 06:00:57,499 INFO: Processing server 10.50.0.3...
2026-05-04 06:01:43,444 INFO: Processing server 10.50.0.4...
2026-05-04 06:02:34,652 INFO: Processing server 10.50.0.5...
2026-05-04 06:03:05,656 INFO: Processing server 10.50.0.6...
2026-05-04 06:03:41,881 INFO: === SYNC COMPLETED ===
2026-05-04 06:05:02,033 INFO: === STARTING DEEP SERVER SYNC (REFINED V7 - PAGINATION FIX) ===
2026-05-04 06:05:02,033 INFO: Processing server 10.50.0.2...
2026-05-04 06:05:47,863 INFO: Processing server 10.50.0.3...
2026-05-04 06:06:37,139 INFO: Processing server 10.50.0.4...
2026-05-04 06:07:21,713 INFO: Processing server 10.50.0.5...
2026-05-04 06:07:54,668 INFO: Processing server 10.50.0.6...
2026-05-04 06:08:38,291 INFO: === SYNC COMPLETED ===
2026-05-04 06:10:01,433 INFO: === STARTING DEEP SERVER SYNC (REFINED V7 - PAGINATION FIX) ===
2026-05-04 06:10:01,434 INFO: Processing server 10.50.0.2...
2026-05-04 06:10:58,330 INFO: Processing server 10.50.0.3...
2026-05-04 06:11:48,923 INFO: Processing server 10.50.0.4...
2026-05-04 06:12:34,491 INFO: Processing server 10.50.0.5...
2026-05-04 06:13:05,851 INFO: Processing server 10.50.0.6...
2026-05-04 06:13:41,863 INFO: === SYNC COMPLETED ===
2026-05-04 06:15:02,008 INFO: === STARTING DEEP SERVER SYNC (REFINED V7 - PAGINATION FIX) ===
2026-05-04 06:15:02,008 INFO: Processing server 10.50.0.2...
2026-05-04 06:15:47,813 INFO: Processing server 10.50.0.3...
2026-05-04 06:16:41,862 INFO: Processing server 10.50.0.4...
2026-05-04 06:17:26,814 INFO: Processing server 10.50.0.5...
2026-05-04 06:17:57,872 INFO: Processing server 10.50.0.6...
2026-05-04 06:18:33,208 INFO: === SYNC COMPLETED ===
2026-05-04 06:20:01,354 INFO: === STARTING DEEP SERVER SYNC (REFINED V7 - PAGINATION FIX) ===
2026-05-04 06:20:01,354 INFO: Processing server 10.50.0.2...
2026-05-04 06:20:45,826 INFO: Processing server 10.50.0.3...
2026-05-04 06:21:30,887 INFO: Processing server 10.50.0.4...
2026-05-04 06:22:15,297 INFO: Processing server 10.50.0.5...
2026-05-04 06:22:49,650 INFO: Processing server 10.50.0.6...
2026-05-04 06:23:26,648 INFO: === SYNC COMPLETED ===
2026-05-04 06:25:01,790 INFO: === STARTING DEEP SERVER SYNC (REFINED V7 - PAGINATION FIX) ===
2026-05-04 06:25:01,791 INFO: Processing server 10.50.0.2...
2026-05-04 06:25:47,233 INFO: Processing server 10.50.0.3...
2026-05-04 06:26:36,635 INFO: Processing server 10.50.0.4...
2026-05-04 06:27:21,503 INFO: Processing server 10.50.0.5...
2026-05-04 06:27:52,761 INFO: Processing server 10.50.0.6...
2026-05-04 06:28:34,098 INFO: === SYNC COMPLETED ===
2026-05-04 06:30:01,240 INFO: === STARTING DEEP SERVER SYNC (REFINED V7 - PAGINATION FIX) ===
2026-05-04 06:30:01,240 INFO: Processing server 10.50.0.2...
2026-05-04 06:30:53,777 INFO: Processing server 10.50.0.3...
2026-05-04 06:31:49,769 INFO: Processing server 10.50.0.4...
2026-05-04 06:32:35,457 INFO: Processing server 10.50.0.5...
2026-05-04 06:33:06,490 INFO: Processing server 10.50.0.6...
2026-05-04 06:33:43,706 INFO: === SYNC COMPLETED ===
2026-05-04 06:35:01,845 INFO: === STARTING DEEP SERVER SYNC (REFINED V7 - PAGINATION FIX) ===
2026-05-04 06:35:01,845 INFO: Processing server 10.50.0.2...
2026-05-04 06:35:46,555 INFO: Processing server 10.50.0.3...
2026-05-04 06:36:36,395 INFO: Processing server 10.50.0.4...
2026-05-04 06:37:28,083 INFO: Processing server 10.50.0.5...
2026-05-04 06:37:59,112 INFO: Processing server 10.50.0.6...
2026-05-04 06:38:34,170 INFO: === SYNC COMPLETED ===
2026-05-04 06:40:01,315 INFO: === STARTING DEEP SERVER SYNC (REFINED V7 - PAGINATION FIX) ===
2026-05-04 06:40:01,315 INFO: Processing server 10.50.0.2...
2026-05-04 06:40:46,169 INFO: Processing server 10.50.0.3...
2026-05-04 06:41:30,967 INFO: Processing server 10.50.0.4...
2026-05-04 06:42:15,744 INFO: Processing server 10.50.0.5...
2026-05-04 06:42:46,755 INFO: Processing server 10.50.0.6...
2026-05-04 06:43:34,662 INFO: === SYNC COMPLETED ===
2026-05-04 06:45:01,810 INFO: === STARTING DEEP SERVER SYNC (REFINED V7 - PAGINATION FIX) ===
2026-05-04 06:45:01,810 INFO: Processing server 10.50.0.2...
2026-05-04 06:45:54,422 INFO: Processing server 10.50.0.3...
2026-05-04 06:46:38,116 INFO: Processing server 10.50.0.4...
2026-05-04 06:47:23,232 INFO: Processing server 10.50.0.5...
2026-05-04 06:47:54,042 INFO: Processing server 10.50.0.6...
2026-05-04 06:48:30,052 INFO: === SYNC COMPLETED ===
2026-05-04 06:50:01,211 INFO: === STARTING DEEP SERVER SYNC (REFINED V7 - PAGINATION FIX) ===
2026-05-04 06:50:01,212 INFO: Processing server 10.50.0.2...
2026-05-04 06:50:46,337 INFO: Processing server 10.50.0.3...
2026-05-04 06:51:39,255 INFO: Processing server 10.50.0.4...
2026-05-04 06:52:24,255 INFO: Processing server 10.50.0.5...
2026-05-04 06:52:55,080 INFO: Processing server 10.50.0.6...
2026-05-04 06:53:35,137 INFO: === SYNC COMPLETED ===
2026-05-04 06:55:01,285 INFO: === STARTING DEEP SERVER SYNC (REFINED V7 - PAGINATION FIX) ===
2026-05-04 06:55:01,285 INFO: Processing server 10.50.0.2...
2026-05-04 06:55:45,999 INFO: Processing server 10.50.0.3...
2026-05-04 06:56:36,556 INFO: Processing server 10.50.0.4...
2026-05-04 06:57:27,810 INFO: Processing server 10.50.0.5...
2026-05-04 06:58:00,197 INFO: Processing server 10.50.0.6...
2026-05-04 06:58:36,474 INFO: === SYNC COMPLETED ===
2026-05-04 07:00:01,606 INFO: === STARTING DEEP SERVER SYNC (REFINED V7 - PAGINATION FIX) ===
2026-05-04 07:00:01,606 INFO: Processing server 10.50.0.2...
2026-05-04 07:00:49,195 INFO: Processing server 10.50.0.3...
2026-05-04 07:01:33,473 INFO: Processing server 10.50.0.4...
2026-05-04 07:02:18,606 INFO: Processing server 10.50.0.5...
2026-05-04 07:02:49,718 INFO: Processing server 10.50.0.6...
2026-05-04 07:03:25,145 INFO: === SYNC COMPLETED ===
2026-05-04 07:05:01,300 INFO: === STARTING DEEP SERVER SYNC (REFINED V7 - PAGINATION FIX) ===
2026-05-04 07:05:01,300 INFO: Processing server 10.50.0.2...
2026-05-04 07:05:49,492 INFO: Processing server 10.50.0.3...
2026-05-04 07:06:42,376 INFO: Processing server 10.50.0.4...
2026-05-04 07:07:27,094 INFO: Processing server 10.50.0.5...
2026-05-04 07:07:57,678 INFO: Processing server 10.50.0.6...
2026-05-04 07:08:34,644 INFO: === SYNC COMPLETED ===
2026-05-04 07:10:01,781 INFO: === STARTING DEEP SERVER SYNC (REFINED V7 - PAGINATION FIX) ===
2026-05-04 07:10:01,781 INFO: Processing server 10.50.0.2...
2026-05-04 07:10:47,163 INFO: Processing server 10.50.0.3...
2026-05-04 07:11:32,126 INFO: Processing server 10.50.0.4...
2026-05-04 07:12:23,938 INFO: Processing server 10.50.0.5...
2026-05-04 07:13:00,532 INFO: Processing server 10.50.0.6...
2026-05-04 07:13:35,693 INFO: === SYNC COMPLETED ===
2026-05-04 07:15:01,842 INFO: === STARTING DEEP SERVER SYNC (REFINED V7 - PAGINATION FIX) ===
2026-05-04 07:15:01,842 INFO: Processing server 10.50.0.2...
2026-05-04 07:15:46,765 INFO: Processing server 10.50.0.3...
2026-05-04 07:16:35,731 INFO: Processing server 10.50.0.4...
2026-05-04 07:17:21,123 INFO: Processing server 10.50.0.5...
2026-05-04 07:17:52,149 INFO: Processing server 10.50.0.6...
2026-05-04 07:18:38,461 INFO: === SYNC COMPLETED ===
2026-05-04 07:20:01,614 INFO: === STARTING DEEP SERVER SYNC (REFINED V7 - PAGINATION FIX) ===
2026-05-04 07:20:01,614 INFO: Processing server 10.50.0.2...
2026-05-04 07:20:57,207 INFO: Processing server 10.50.0.3...
2026-05-04 07:21:47,621 INFO: Processing server 10.50.0.4...
2026-05-04 07:22:32,063 INFO: Processing server 10.50.0.5...
2026-05-04 07:23:02,592 INFO: Processing server 10.50.0.6...
2026-05-04 07:23:37,660 INFO: === SYNC COMPLETED ===
2026-05-04 07:25:01,805 INFO: === STARTING DEEP SERVER SYNC (REFINED V7 - PAGINATION FIX) ===
2026-05-04 07:25:01,805 INFO: Processing server 10.50.0.2...
2026-05-04 07:25:46,167 INFO: Processing server 10.50.0.3...
2026-05-04 07:26:42,168 INFO: Processing server 10.50.0.4...
2026-05-04 07:27:28,020 INFO: Processing server 10.50.0.5...
2026-05-04 07:27:59,080 INFO: Processing server 10.50.0.6...
2026-05-04 07:28:35,385 INFO: === SYNC COMPLETED ===
2026-05-04 07:30:01,539 INFO: === STARTING DEEP SERVER SYNC (REFINED V7 - PAGINATION FIX) ===
2026-05-04 07:30:01,540 INFO: Processing server 10.50.0.2...
2026-05-04 07:30:47,274 INFO: Processing server 10.50.0.3...
2026-05-04 07:31:31,767 INFO: Processing server 10.50.0.4...
2026-05-04 07:32:17,123 INFO: Processing server 10.50.0.5...
2026-05-04 07:32:51,665 INFO: Processing server 10.50.0.6...
2026-05-04 07:33:27,497 INFO: === SYNC COMPLETED ===
2026-05-04 07:35:01,652 INFO: === STARTING DEEP SERVER SYNC (REFINED V7 - PAGINATION FIX) ===
2026-05-04 07:35:01,652 INFO: Processing server 10.50.0.2...
2026-05-04 07:35:46,314 INFO: Processing server 10.50.0.3...
2026-05-04 07:36:35,595 INFO: Processing server 10.50.0.4...
2026-05-04 07:37:20,084 INFO: Processing server 10.50.0.5...
2026-05-04 07:37:51,060 INFO: Processing server 10.50.0.6...
2026-05-04 07:38:27,356 INFO: === SYNC COMPLETED ===
2026-05-04 07:40:01,505 INFO: === STARTING DEEP SERVER SYNC (REFINED V7 - PAGINATION FIX) ===
2026-05-04 07:40:01,505 INFO: Processing server 10.50.0.2...
2026-05-04 07:40:51,669 INFO: Processing server 10.50.0.3...
2026-05-04 07:41:47,510 INFO: Processing server 10.50.0.4...
2026-05-04 07:42:32,420 INFO: Processing server 10.50.0.5...
2026-05-04 07:43:03,683 INFO: Processing server 10.50.0.6...
2026-05-04 07:43:39,672 INFO: === SYNC COMPLETED ===
2026-05-04 07:45:01,816 INFO: === STARTING DEEP SERVER SYNC (REFINED V7 - PAGINATION FIX) ===
2026-05-04 07:45:01,816 INFO: Processing server 10.50.0.2...
2026-05-04 07:45:47,483 INFO: Processing server 10.50.0.3...
2026-05-04 07:46:35,442 INFO: Processing server 10.50.0.4...
2026-05-04 07:47:29,611 INFO: Processing server 10.50.0.5...
2026-05-04 07:48:00,750 INFO: Processing server 10.50.0.6...
2026-05-04 07:48:36,571 INFO: === SYNC COMPLETED ===
2026-05-04 07:50:01,712 INFO: === STARTING DEEP SERVER SYNC (REFINED V7 - PAGINATION FIX) ===
2026-05-04 07:50:01,712 INFO: Processing server 10.50.0.2...
2026-05-04 07:50:47,135 INFO: Processing server 10.50.0.3...
2026-05-04 07:51:32,526 INFO: Processing server 10.50.0.4...
2026-05-04 07:52:17,915 INFO: Processing server 10.50.0.5...
2026-05-04 07:52:48,776 INFO: Processing server 10.50.0.6...
2026-05-04 07:53:36,051 INFO: === SYNC COMPLETED ===
2026-05-04 07:55:01,181 INFO: === STARTING DEEP SERVER SYNC (REFINED V7 - PAGINATION FIX) ===
2026-05-04 07:55:01,181 INFO: Processing server 10.50.0.2...
2026-05-04 07:55:53,778 INFO: Processing server 10.50.0.3...
2026-05-04 07:56:38,699 INFO: Processing server 10.50.0.4...
2026-05-04 07:57:23,904 INFO: Processing server 10.50.0.5...
2026-05-04 07:57:54,587 INFO: Processing server 10.50.0.6...
2026-05-04 07:58:30,167 INFO: === SYNC COMPLETED ===
2026-05-04 08:00:01,300 INFO: === STARTING DEEP SERVER SYNC (REFINED V7 - PAGINATION FIX) ===
2026-05-04 08:00:01,300 INFO: Processing server 10.50.0.2...
2026-05-04 08:00:54,551 INFO: Processing server 10.50.0.3...
2026-05-04 08:01:47,918 INFO: Processing server 10.50.0.4...
2026-05-04 08:02:32,174 INFO: Processing server 10.50.0.5...
2026-05-04 08:03:03,081 INFO: Processing server 10.50.0.6...
2026-05-04 08:03:39,503 INFO: === SYNC COMPLETED ===
2026-05-04 08:05:01,644 INFO: === STARTING DEEP SERVER SYNC (REFINED V7 - PAGINATION FIX) ===
2026-05-04 08:05:01,644 INFO: Processing server 10.50.0.2...
2026-05-04 08:05:46,803 INFO: Processing server 10.50.0.3...
2026-05-04 08:06:34,727 INFO: Processing server 10.50.0.4...
2026-05-04 08:07:20,801 INFO: Processing server 10.50.0.5...
2026-05-04 08:07:55,569 INFO: Processing server 10.50.0.6...
2026-05-04 08:08:31,069 INFO: === SYNC COMPLETED ===
2026-05-04 08:10:01,202 INFO: === STARTING DEEP SERVER SYNC (REFINED V7 - PAGINATION FIX) ===
2026-05-04 08:10:01,202 INFO: Processing server 10.50.0.2...
2026-05-04 08:10:46,230 INFO: Processing server 10.50.0.3...
2026-05-04 08:11:31,102 INFO: Processing server 10.50.0.4...
2026-05-04 08:12:15,284 INFO: Processing server 10.50.0.5...
2026-05-04 08:12:46,883 INFO: Processing server 10.50.0.6...
2026-05-04 08:13:22,915 INFO: === SYNC COMPLETED ===
2026-05-04 08:15:02,044 INFO: === STARTING DEEP SERVER SYNC (REFINED V7 - PAGINATION FIX) ===
2026-05-04 08:15:02,044 INFO: Processing server 10.50.0.2...
2026-05-04 08:15:54,354 INFO: Processing server 10.50.0.3...
2026-05-04 08:16:44,066 INFO: Processing server 10.50.0.4...
2026-05-04 08:17:30,423 INFO: Processing server 10.50.0.5...
2026-05-04 08:18:01,668 INFO: Processing server 10.50.0.6...
2026-05-04 08:18:37,561 INFO: === SYNC COMPLETED ===
2026-05-04 08:20:01,696 INFO: === STARTING DEEP SERVER SYNC (REFINED V7 - PAGINATION FIX) ===
2026-05-04 08:20:01,696 INFO: Processing server 10.50.0.2...
2026-05-04 08:20:46,846 INFO: Processing server 10.50.0.3...
2026-05-04 08:21:32,724 INFO: Processing server 10.50.0.4...
2026-05-04 08:22:30,500 INFO: Processing server 10.50.0.5...
2026-05-04 08:23:01,604 INFO: Processing server 10.50.0.6...
2026-05-04 08:23:37,201 INFO: === SYNC COMPLETED ===
2026-05-04 08:25:01,347 INFO: === STARTING DEEP SERVER SYNC (REFINED V7 - PAGINATION FIX) ===
2026-05-04 08:25:01,348 INFO: Processing server 10.50.0.2...
2026-05-04 08:25:47,374 INFO: Processing server 10.50.0.3...
2026-05-04 08:26:34,627 INFO: Processing server 10.50.0.4...
2026-05-04 08:27:19,324 INFO: Processing server 10.50.0.5...
2026-05-04 08:27:50,215 INFO: Processing server 10.50.0.6...
2026-05-04 08:28:33,260 INFO: === SYNC COMPLETED ===
2026-05-04 08:30:01,417 INFO: === STARTING DEEP SERVER SYNC (REFINED V7 - PAGINATION FIX) ===
2026-05-04 08:30:01,418 INFO: Processing server 10.50.0.2...
2026-05-04 08:30:56,286 INFO: Processing server 10.50.0.3...
2026-05-04 08:31:46,938 INFO: Processing server 10.50.0.4...
2026-05-04 08:32:32,849 INFO: Processing server 10.50.0.5...
2026-05-04 08:33:03,933 INFO: Processing server 10.50.0.6...
2026-05-04 08:33:39,514 INFO: === SYNC COMPLETED ===
2026-05-04 08:35:01,643 INFO: === STARTING DEEP SERVER SYNC (REFINED V7 - PAGINATION FIX) ===
2026-05-04 08:35:01,643 INFO: Processing server 10.50.0.2...
2026-05-04 08:35:47,761 INFO: Processing server 10.50.0.3...
2026-05-04 08:36:41,793 INFO: Processing server 10.50.0.4...
2026-05-04 08:37:27,189 INFO: Processing server 10.50.0.5...
2026-05-04 08:37:58,189 INFO: Processing server 10.50.0.6...
2026-05-04 08:38:33,371 INFO: === SYNC COMPLETED ===
2026-05-04 08:40:01,507 INFO: === STARTING DEEP SERVER SYNC (REFINED V7 - PAGINATION FIX) ===
2026-05-04 08:40:01,508 INFO: Processing server 10.50.0.2...
2026-05-04 08:40:45,713 INFO: Processing server 10.50.0.3...
2026-05-04 08:41:31,968 INFO: Processing server 10.50.0.4...
2026-05-04 08:42:15,867 INFO: Processing server 10.50.0.5...
2026-05-04 08:42:50,357 INFO: Processing server 10.50.0.6...
2026-05-04 08:43:26,186 INFO: === SYNC COMPLETED ===
2026-05-04 08:45:01,313 INFO: === STARTING DEEP SERVER SYNC (REFINED V7 - PAGINATION FIX) ===
2026-05-04 08:45:01,314 INFO: Processing server 10.50.0.2...
2026-05-04 08:45:47,711 INFO: Processing server 10.50.0.3...
2026-05-04 08:46:34,582 INFO: Processing server 10.50.0.4...
2026-05-04 08:47:19,585 INFO: Processing server 10.50.0.5...
2026-05-04 08:47:50,857 INFO: Processing server 10.50.0.6...
2026-05-04 08:48:28,000 INFO: === SYNC COMPLETED ===
2026-05-04 08:50:01,135 INFO: === STARTING DEEP SERVER SYNC (REFINED V7 - PAGINATION FIX) ===
2026-05-04 08:50:01,135 INFO: Processing server 10.50.0.2...
2026-05-04 08:50:50,981 INFO: Processing server 10.50.0.3...
2026-05-04 08:51:47,689 INFO: Processing server 10.50.0.4...
2026-05-04 08:52:32,371 INFO: Processing server 10.50.0.5...
2026-05-04 08:53:03,273 INFO: Processing server 10.50.0.6...
2026-05-04 08:53:38,878 INFO: === SYNC COMPLETED ===
2026-05-04 08:55:02,011 INFO: === STARTING DEEP SERVER SYNC (REFINED V7 - PAGINATION FIX) ===
2026-05-04 08:55:02,011 INFO: Processing server 10.50.0.2...
2026-05-04 08:55:47,123 INFO: Processing server 10.50.0.3...
2026-05-04 08:56:35,085 INFO: Processing server 10.50.0.4...
2026-05-04 08:57:29,077 INFO: Processing server 10.50.0.5...
2026-05-04 08:58:00,040 INFO: Processing server 10.50.0.6...
2026-05-04 08:58:36,318 INFO: === SYNC COMPLETED ===
2026-05-04 09:00:01,450 INFO: === STARTING DEEP SERVER SYNC (REFINED V7 - PAGINATION FIX) ===
2026-05-04 09:00:01,450 INFO: Processing server 10.50.0.2...
2026-05-04 09:00:54,635 INFO: Processing server 10.50.0.3...
2026-05-04 09:01:44,770 INFO: Processing server 10.50.0.4...
2026-05-04 09:02:31,850 INFO: Processing server 10.50.0.5...
2026-05-04 09:03:06,478 INFO: Processing server 10.50.0.6...
2026-05-04 09:03:47,117 INFO: === SYNC COMPLETED ===
2026-05-04 09:05:01,247 INFO: === STARTING DEEP SERVER SYNC (REFINED V7 - PAGINATION FIX) ===
2026-05-04 09:05:01,247 INFO: Processing server 10.50.0.2...
2026-05-04 09:05:53,264 INFO: Processing server 10.50.0.3...
2026-05-04 09:06:38,689 INFO: Processing server 10.50.0.4...
2026-05-04 09:07:23,958 INFO: Processing server 10.50.0.5...
2026-05-04 09:07:54,498 INFO: Processing server 10.50.0.6...
2026-05-04 09:08:30,932 INFO: === SYNC COMPLETED ===
2026-05-04 23:27:59,334 INFO: === STARTING DEEP SERVER SYNC (REFINED V7 - PAGINATION FIX) ===
2026-05-04 23:27:59,334 INFO: Processing server 10.50.0.2...
2026-05-04 23:28:58,615 INFO: Processing server 10.50.0.3...
2026-05-04 23:29:51,780 INFO: Processing server 10.50.0.4...
2026-05-04 23:30:39,202 INFO: Processing server 10.50.0.5...
2026-05-04 23:31:12,116 INFO: Processing server 10.50.0.6...
2026-05-04 23:31:54,366 INFO: === SYNC COMPLETED ===
2026-05-12 08:57:28,708 INFO: === STARTING DEEP SERVER SYNC (REFINED V7 - PAGINATION FIX) ===
2026-05-12 08:57:28,760 INFO: Processing server 10.50.0.2...
2026-05-12 08:58:28,666 INFO: Processing server 10.50.0.3...
2026-05-12 08:59:25,334 INFO: Processing server 10.50.0.4...
2026-05-12 09:02:50,575 INFO: === STARTING DEEP SERVER SYNC (REFINED V7 - PAGINATION FIX) ===
2026-05-12 09:02:50,575 INFO: Processing server 10.50.0.2...
2026-05-12 09:03:56,690 INFO: Processing server 10.50.0.3...
2026-05-12 09:04:58,738 INFO: Processing server 10.50.0.4...
2026-05-12 09:05:56,200 INFO: Processing server 10.50.0.5...
2026-05-12 09:06:42,821 INFO: Processing server 10.50.0.6...
2026-05-12 09:07:24,522 INFO: === SYNC COMPLETED ===
